SF:/home/andy/dev/sas-reader-2000/src/main.rs
FN:1,_RNvCs6UV52ebJDD6_15sas_reader_20004main
FNDA:0,_RNvCs6UV52ebJDD6_15sas_reader_20004main
FNF:1
FNH:0
DA:1,0
DA:2,0
DA:3,0
BRF:0
BRH:0
LF:3
LH:0
end_of_record
SF:/home/andy/dev/sas-reader-2000/src/sas/compression.rs
FN:11,_RNvMNtNtCs1Zotm579C3S_15sas_reader_20003sas11compressionNtB2_11Compression7from_u8
FN:26,_RNvNtNtNtCs1Zotm579C3S_15sas_reader_20003sas11compression5testss_12test_from_u8
FN:34,_RNvNtNtNtCs1Zotm579C3S_15sas_reader_20003sas11compression5testss_26test_truncated_compression
FN:42,_RNvNtNtNtCs1Zotm579C3S_15sas_reader_20003sas11compression5testss_20test_rle_compression
FN:50,_RNvNtNtNtCs1Zotm579C3S_15sas_reader_20003sas11compression5testss_24test_invalid_compression
FNDA:4,_RNvMNtNtCs1Zotm579C3S_15sas_reader_20003sas11compressionNtB2_11Compression7from_u8
FNDA:1,_RNvNtNtNtCs1Zotm579C3S_15sas_reader_20003sas11compression5testss_12test_from_u8
FNDA:1,_RNvNtNtNtCs1Zotm579C3S_15sas_reader_20003sas11compression5testss_26test_truncated_compression
FNDA:1,_RNvNtNtNtCs1Zotm579C3S_15sas_reader_20003sas11compression5testss_20test_rle_compression
FNDA:1,_RNvNtNtNtCs1Zotm579C3S_15sas_reader_20003sas11compression5testss_24test_invalid_compression
FNF:5
FNH:5
DA:11,4
DA:12,4
DA:13,1
DA:14,1
DA:15,1
DA:16,1
DA:18,4
DA:26,1
DA:27,1
DA:28,1
DA:29,1
DA:30,1
DA:31,1
DA:34,1
DA:35,1
DA:36,1
DA:37,1
DA:38,1
DA:39,1
DA:42,1
DA:43,1
DA:44,1
DA:45,1
DA:46,1
DA:47,1
DA:50,1
DA:51,1
DA:52,1
DA:53,1
DA:54,1
BRF:0
BRH:0
LF:30
LH:30
end_of_record
SF:/home/andy/dev/sas-reader-2000/src/sas/constants.rs
FN:27,_RNvXs_NtNtCs1Zotm579C3S_15sas_reader_20003sas9constantsNtB4_12SasConstantsNtNtCs5cYH0lLSdLc_4core7default7Default7default
FN:10,_RNvMNtNtCs1Zotm579C3S_15sas_reader_20003sas9constantsNtB2_12SasConstants3new
FNDA:0,_RNvXs_NtNtCs1Zotm579C3S_15sas_reader_20003sas9constantsNtB4_12SasConstantsNtNtCs5cYH0lLSdLc_4core7default7Default7default
FNDA:2,_RNvMNtNtCs1Zotm579C3S_15sas_reader_20003sas9constantsNtB2_12SasConstants3new
FNF:2
FNH:1
DA:10,2
DA:11,2
DA:12,2
DA:13,2
DA:14,2
DA:15,2
DA:16,2
DA:17,2
DA:18,2
DA:19,2
DA:20,2
DA:21,2
DA:22,2
DA:23,2
DA:27,0
DA:28,0
DA:29,0
BRF:0
BRH:0
LF:17
LH:14
end_of_record
SF:/home/andy/dev/sas-reader-2000/src/sas/errors.rs
FN:11,_RNvNtNtNtCs1Zotm579C3S_15sas_reader_20003sas6errors5testss_10test_error
FNDA:1,_RNvNtNtNtCs1Zotm579C3S_15sas_reader_20003sas6errors5testss_10test_error
FNF:1
FNH:1
DA:11,1
DA:12,1
DA:13,1
DA:14,1
BRF:0
BRH:0
LF:4
LH:4
end_of_record
SF:/home/andy/dev/sas-reader-2000/src/sas/header/alignment.rs
FN:20,_RNvNtNtNtNtCs1Zotm579C3S_15sas_reader_20003sas6header9alignment5testss_25can_make_alignment_struct
FN:28,_RNvNtNtNtNtCs1Zotm579C3S_15sas_reader_20003sas6header9alignment5testss_22test_alignment_from_u8
FN:7,_RNvMNtNtNtCs1Zotm579C3S_15sas_reader_20003sas6header9alignmentNtB2_9Alignment7from_u8
FNDA:1,_RNvNtNtNtNtCs1Zotm579C3S_15sas_reader_20003sas6header9alignment5testss_25can_make_alignment_struct
FNDA:1,_RNvNtNtNtNtCs1Zotm579C3S_15sas_reader_20003sas6header9alignment5testss_22test_alignment_from_u8
FNDA:16,_RNvMNtNtNtCs1Zotm579C3S_15sas_reader_20003sas6header9alignmentNtB2_9Alignment7from_u8
FNF:3
FNH:3
DA:7,16
DA:8,16
DA:9,2
DA:10,14
DA:12,16
DA:20,1
DA:21,1
DA:22,1
DA:23,1
DA:24,1
DA:25,1
DA:28,1
DA:29,1
DA:30,1
DA:32,1
DA:33,1
DA:35,1
DA:36,1
DA:38,1
DA:39,1
DA:41,1
DA:42,1
DA:44,1
DA:45,1
DA:46,1
DA:47,1
BRF:0
BRH:0
LF:26
LH:26
end_of_record
SF:/home/andy/dev/sas-reader-2000/src/sas/header/binary.rs
FN:266,_RNCNvNtNtNtNtCs1Zotm579C3S_15sas_reader_20003sas6header6binary5testss_51can_validate_positions_56_to_64_when_actually_valid0Bb_
FN:284,_RNCNvNtNtNtNtCs1Zotm579C3S_15sas_reader_20003sas6header6binary5testss_53can_validate_positions_56_to_64_when_actually_invalid0Bb_
FN:139,_RNvNtNtNtNtCs1Zotm579C3S_15sas_reader_20003sas6header6binary5testss_21can_create_sas_header
FN:147,_RNvNtNtNtNtCs1Zotm579C3S_15sas_reader_20003sas6header6binary5testss_21can_validate_sas_file
FN:155,_RNvNtNtNtNtCs1Zotm579C3S_15sas_reader_20003sas6header6binary5testss_32can_get_magic_number_from_header
FN:169,_RNvNtNtNtNtCs1Zotm579C3S_15sas_reader_20003sas6header6binary5testss_28can_get_sas_file_from_header
FN:177,_RNvNtNtNtNtCs1Zotm579C3S_15sas_reader_20003sas6header6binary5testss_38can_get_sas_file_from_header_as_string
FN:188,_RNvNtNtNtNtCs1Zotm579C3S_15sas_reader_20003sas6header6binary5testss_32can_get_sas_filename_from_header
FN:199,_RNvNtNtNtNtCs1Zotm579C3S_15sas_reader_20003sas6header6binary5testss_30can_get_alignment_from_header1
FN:208,_RNvNtNtNtNtCs1Zotm579C3S_15sas_reader_20003sas6header6binary5testss_30can_get_alignment_from_header2
FN:217,_RNvNtNtNtNtCs1Zotm579C3S_15sas_reader_20003sas6header6binary5testss_30can_get_endianness_from_header
FN:227,_RNvNtNtNtNtCs1Zotm579C3S_15sas_reader_20003sas6header6binary5testss_37can_get_os_type_from_header_when_unix
FN:238,_RNvNtNtNtNtCs1Zotm579C3S_15sas_reader_20003sas6header6binary5testss_40can_get_os_type_from_header_when_windows
FN:252,_RNvNtNtNtNtCs1Zotm579C3S_15sas_reader_20003sas6header6binary5testss_43cannot_get_os_type_from_header_when_invalid
FN:263,_RNvNtNtNtNtCs1Zotm579C3S_15sas_reader_20003sas6header6binary5testss_51can_validate_positions_56_to_64_when_actually_valid
FN:282,_RNvNtNtNtNtCs1Zotm579C3S_15sas_reader_20003sas6header6binary5testss_53can_validate_positions_56_to_64_when_actually_invalid
FN:298,_RNvNtNtNtNtCs1Zotm579C3S_15sas_reader_20003sas6header6binary5testss_26can_get_character_encoding
FN:307,_RNvNtNtNtNtCs1Zotm579C3S_15sas_reader_20003sas6header6binary5testss_38can_get_character_encoding_when_latin1
FN:318,_RNvNtNtNtNtCs1Zotm579C3S_15sas_reader_20003sas6header6binary5testss_35can_get_ascii_file_type_from_header
FN:330,_RNvNtNtNtNtCs1Zotm579C3S_15sas_reader_20003sas6header6binary5testss_31test_get_a1_when_it_should_be_0
FN:339,_RNvNtNtNtNtCs1Zotm579C3S_15sas_reader_20003sas6header6binary5testss_31test_get_a1_when_it_should_be_4
FN:349,_RNvNtNtNtNtCs1Zotm579C3S_15sas_reader_20003sas6header6binary5testss_31test_get_a2_when_it_should_be_0
FN:358,_RNvNtNtNtNtCs1Zotm579C3S_15sas_reader_20003sas6header6binary5testss_31test_get_a2_when_it_should_be_4
FN:368,_RNvNtNtNtNtCs1Zotm579C3S_15sas_reader_20003sas6header6binary5testss_46can_get_creation_timestamp_offset_when_a1_eq_0
FN:380,_RNvNtNtNtNtCs1Zotm579C3S_15sas_reader_20003sas6header6binary5testss_46can_get_creation_timestamp_offset_when_a1_eq_4
FN:393,_RNvNtNtNtNtCs1Zotm579C3S_15sas_reader_20003sas6header6binary5testss_26can_get_creation_timestamp
FN:402,_RNvNtNtNtNtCs1Zotm579C3S_15sas_reader_20003sas6header6binary5testss_44can_get_inserted_ts_from_midnight_11_26_1987
FN:77,_RNCNvMNtNtNtCs1Zotm579C3S_15sas_reader_20003sas6header6binaryNtB4_15SasHeaderBinary17is_56_to_64_valid0Ba_
FN:9,_RNvMNtNtNtCs1Zotm579C3S_15sas_reader_20003sas6header6binaryNtB2_15SasHeaderBinary3new
FN:15,_RNvMNtNtNtCs1Zotm579C3S_15sas_reader_20003sas6header6binaryNtB2_15SasHeaderBinary28get_magic_number_from_header
FN:19,_RNvMNtNtNtCs1Zotm579C3S_15sas_reader_20003sas6header6binaryNtB2_15SasHeaderBinary26get_alignment_from_header1
FN:27,_RNvMNtNtNtCs1Zotm579C3S_15sas_reader_20003sas6header6binaryNtB2_15SasHeaderBinary26get_alignment_from_header2
FN:35,_RNvMNtNtNtCs1Zotm579C3S_15sas_reader_20003sas6header6binaryNtB2_15SasHeaderBinary6get_a1
FN:39,_RNvMNtNtNtCs1Zotm579C3S_15sas_reader_20003sas6header6binaryNtB2_15SasHeaderBinary6get_a2
FN:43,_RNvMNtNtNtCs1Zotm579C3S_15sas_reader_20003sas6header6binaryNtB2_15SasHeaderBinary26get_endianness_from_header
FN:47,_RNvMNtNtNtCs1Zotm579C3S_15sas_reader_20003sas6header6binaryNtB2_15SasHeaderBinary23get_os_type_from_header
FN:51,_RNvMNtNtNtCs1Zotm579C3S_15sas_reader_20003sas6header6binaryNtB2_15SasHeaderBinary34get_character_encoding_from_header
FN:56,_RNvMNtNtNtCs1Zotm579C3S_15sas_reader_20003sas6header6binaryNtB2_15SasHeaderBinary31get_sas_file_string_from_header
FN:60,_RNvMNtNtNtCs1Zotm579C3S_15sas_reader_20003sas6header6binaryNtB2_15SasHeaderBinary31get_sas_file_from_header_as_str
FN:66,_RNvMNtNtNtCs1Zotm579C3S_15sas_reader_20003sas6header6binaryNtB2_15SasHeaderBinary28get_sas_filename_from_header
FN:73,_RNvMNtNtNtCs1Zotm579C3S_15sas_reader_20003sas6header6binaryNtB2_15SasHeaderBinary17is_56_to_64_valid
FN:80,_RNvMNtNtNtCs1Zotm579C3S_15sas_reader_20003sas6header6binaryNtB2_15SasHeaderBinary17validate_sas_file
FN:101,_RNvMNtNtNtCs1Zotm579C3S_15sas_reader_20003sas6header6binaryNtB2_15SasHeaderBinary35get_raw_ascii_file_type_from_header
FN:114,_RNvMNtNtNtCs1Zotm579C3S_15sas_reader_20003sas6header6binaryNtB2_15SasHeaderBinary31get_ascii_file_type_from_header
FN:120,_RNvMNtNtNtCs1Zotm579C3S_15sas_reader_20003sas6header6binaryNtB2_15SasHeaderBinary13get_ts_offset
FN:125,_RNvMNtNtNtCs1Zotm579C3S_15sas_reader_20003sas6header6binaryNtB2_15SasHeaderBinary22get_creation_timestamp
FNDA:8192,_RNCNvNtNtNtNtCs1Zotm579C3S_15sas_reader_20003sas6header6binary5testss_51can_validate_positions_56_to_64_when_actually_valid0Bb_
FNDA:8192,_RNCNvNtNtNtNtCs1Zotm579C3S_15sas_reader_20003sas6header6binary5testss_53can_validate_positions_56_to_64_when_actually_invalid0Bb_
FNDA:1,_RNvNtNtNtNtCs1Zotm579C3S_15sas_reader_20003sas6header6binary5testss_21can_create_sas_header
FNDA:1,_RNvNtNtNtNtCs1Zotm579C3S_15sas_reader_20003sas6header6binary5testss_21can_validate_sas_file
FNDA:1,_RNvNtNtNtNtCs1Zotm579C3S_15sas_reader_20003sas6header6binary5testss_32can_get_magic_number_from_header
FNDA:1,_RNvNtNtNtNtCs1Zotm579C3S_15sas_reader_20003sas6header6binary5testss_28can_get_sas_file_from_header
FNDA:1,_RNvNtNtNtNtCs1Zotm579C3S_15sas_reader_20003sas6header6binary5testss_38can_get_sas_file_from_header_as_string
FNDA:1,_RNvNtNtNtNtCs1Zotm579C3S_15sas_reader_20003sas6header6binary5testss_32can_get_sas_filename_from_header
FNDA:1,_RNvNtNtNtNtCs1Zotm579C3S_15sas_reader_20003sas6header6binary5testss_30can_get_alignment_from_header1
FNDA:1,_RNvNtNtNtNtCs1Zotm579C3S_15sas_reader_20003sas6header6binary5testss_30can_get_alignment_from_header2
FNDA:1,_RNvNtNtNtNtCs1Zotm579C3S_15sas_reader_20003sas6header6binary5testss_30can_get_endianness_from_header
FNDA:1,_RNvNtNtNtNtCs1Zotm579C3S_15sas_reader_20003sas6header6binary5testss_37can_get_os_type_from_header_when_unix
FNDA:1,_RNvNtNtNtNtCs1Zotm579C3S_15sas_reader_20003sas6header6binary5testss_40can_get_os_type_from_header_when_windows
FNDA:1,_RNvNtNtNtNtCs1Zotm579C3S_15sas_reader_20003sas6header6binary5testss_43cannot_get_os_type_from_header_when_invalid
FNDA:1,_RNvNtNtNtNtCs1Zotm579C3S_15sas_reader_20003sas6header6binary5testss_51can_validate_positions_56_to_64_when_actually_valid
FNDA:1,_RNvNtNtNtNtCs1Zotm579C3S_15sas_reader_20003sas6header6binary5testss_53can_validate_positions_56_to_64_when_actually_invalid
FNDA:1,_RNvNtNtNtNtCs1Zotm579C3S_15sas_reader_20003sas6header6binary5testss_26can_get_character_encoding
FNDA:1,_RNvNtNtNtNtCs1Zotm579C3S_15sas_reader_20003sas6header6binary5testss_38can_get_character_encoding_when_latin1
FNDA:1,_RNvNtNtNtNtCs1Zotm579C3S_15sas_reader_20003sas6header6binary5testss_35can_get_ascii_file_type_from_header
FNDA:1,_RNvNtNtNtNtCs1Zotm579C3S_15sas_reader_20003sas6header6binary5testss_31test_get_a1_when_it_should_be_0
FNDA:1,_RNvNtNtNtNtCs1Zotm579C3S_15sas_reader_20003sas6header6binary5testss_31test_get_a1_when_it_should_be_4
FNDA:1,_RNvNtNtNtNtCs1Zotm579C3S_15sas_reader_20003sas6header6binary5testss_31test_get_a2_when_it_should_be_0
FNDA:1,_RNvNtNtNtNtCs1Zotm579C3S_15sas_reader_20003sas6header6binary5testss_31test_get_a2_when_it_should_be_4
FNDA:1,_RNvNtNtNtNtCs1Zotm579C3S_15sas_reader_20003sas6header6binary5testss_46can_get_creation_timestamp_offset_when_a1_eq_0
FNDA:1,_RNvNtNtNtNtCs1Zotm579C3S_15sas_reader_20003sas6header6binary5testss_46can_get_creation_timestamp_offset_when_a1_eq_4
FNDA:1,_RNvNtNtNtNtCs1Zotm579C3S_15sas_reader_20003sas6header6binary5testss_26can_get_creation_timestamp
FNDA:1,_RNvNtNtNtNtCs1Zotm579C3S_15sas_reader_20003sas6header6binary5testss_44can_get_inserted_ts_from_midnight_11_26_1987
FNDA:9,_RNCNvMNtNtNtCs1Zotm579C3S_15sas_reader_20003sas6header6binaryNtB4_15SasHeaderBinary17is_56_to_64_valid0Ba_
FNDA:40,_RNvMNtNtNtCs1Zotm579C3S_15sas_reader_20003sas6header6binaryNtB2_15SasHeaderBinary3new
FNDA:3,_RNvMNtNtNtCs1Zotm579C3S_15sas_reader_20003sas6header6binaryNtB2_15SasHeaderBinary28get_magic_number_from_header
FNDA:11,_RNvMNtNtNtCs1Zotm579C3S_15sas_reader_20003sas6header6binaryNtB2_15SasHeaderBinary26get_alignment_from_header1
FNDA:17,_RNvMNtNtNtCs1Zotm579C3S_15sas_reader_20003sas6header6binaryNtB2_15SasHeaderBinary26get_alignment_from_header2
FNDA:4,_RNvMNtNtNtCs1Zotm579C3S_15sas_reader_20003sas6header6binaryNtB2_15SasHeaderBinary6get_a1
FNDA:2,_RNvMNtNtNtCs1Zotm579C3S_15sas_reader_20003sas6header6binaryNtB2_15SasHeaderBinary6get_a2
FNDA:2,_RNvMNtNtNtCs1Zotm579C3S_15sas_reader_20003sas6header6binaryNtB2_15SasHeaderBinary26get_endianness_from_header
FNDA:3,_RNvMNtNtNtCs1Zotm579C3S_15sas_reader_20003sas6header6binaryNtB2_15SasHeaderBinary23get_os_type_from_header
FNDA:3,_RNvMNtNtNtCs1Zotm579C3S_15sas_reader_20003sas6header6binaryNtB2_15SasHeaderBinary34get_character_encoding_from_header
FNDA:3,_RNvMNtNtNtCs1Zotm579C3S_15sas_reader_20003sas6header6binaryNtB2_15SasHeaderBinary31get_sas_file_string_from_header
FNDA:2,_RNvMNtNtNtCs1Zotm579C3S_15sas_reader_20003sas6header6binaryNtB2_15SasHeaderBinary31get_sas_file_from_header_as_str
FNDA:2,_RNvMNtNtNtCs1Zotm579C3S_15sas_reader_20003sas6header6binaryNtB2_15SasHeaderBinary28get_sas_filename_from_header
FNDA:2,_RNvMNtNtNtCs1Zotm579C3S_15sas_reader_20003sas6header6binaryNtB2_15SasHeaderBinary17is_56_to_64_valid
FNDA:1,_RNvMNtNtNtCs1Zotm579C3S_15sas_reader_20003sas6header6binaryNtB2_15SasHeaderBinary17validate_sas_file
FNDA:2,_RNvMNtNtNtCs1Zotm579C3S_15sas_reader_20003sas6header6binaryNtB2_15SasHeaderBinary35get_raw_ascii_file_type_from_header
FNDA:1,_RNvMNtNtNtCs1Zotm579C3S_15sas_reader_20003sas6header6binaryNtB2_15SasHeaderBinary31get_ascii_file_type_from_header
FNDA:4,_RNvMNtNtNtCs1Zotm579C3S_15sas_reader_20003sas6header6binaryNtB2_15SasHeaderBinary13get_ts_offset
FNDA:2,_RNvMNtNtNtCs1Zotm579C3S_15sas_reader_20003sas6header6binaryNtB2_15SasHeaderBinary22get_creation_timestamp
FNF:46
FNH:46
DA:9,40
DA:10,40
DA:11,40
DA:12,40
DA:13,40
DA:15,3
DA:16,3
DA:17,3
DA:19,11
DA:20,11
DA:21,3
DA:23,8
DA:25,11
DA:27,17
DA:28,17
DA:29,9
DA:31,8
DA:33,17
DA:35,4
DA:36,4
DA:37,4
DA:39,2
DA:40,2
DA:41,2
DA:43,2
DA:44,2
DA:45,2
DA:47,3
DA:48,3
DA:49,3
DA:51,3
DA:52,3
DA:53,3
DA:54,3
DA:56,3
DA:57,3
DA:58,3
DA:60,2
DA:61,2
DA:62,2
DA:63,2
DA:64,2
DA:66,2
DA:67,2
DA:68,2
DA:69,2
DA:70,2
DA:71,2
DA:73,2
DA:74,2
DA:75,2
DA:76,2
DA:77,9
DA:78,2
DA:80,1
DA:81,1
DA:82,1
DA:83,1
DA:84,1
DA:85,1
DA:86,1
DA:87,0
DA:88,1
DA:89,1
DA:90,1
DA:91,0
DA:92,1
DA:93,1
DA:94,1
DA:95,0
DA:96,1
DA:97,1
DA:98,1
DA:99,1
DA:101,2
DA:102,2
DA:103,2
DA:104,2
DA:105,2
DA:106,2
DA:107,2
DA:108,0
DA:109,2
DA:110,2
DA:111,2
DA:112,2
DA:114,1
DA:115,1
DA:117,1
DA:118,1
DA:120,4
DA:121,4
DA:122,4
DA:123,4
DA:125,2
DA:126,2
DA:127,2
DA:128,2
DA:129,2
DA:139,1
DA:140,1
DA:141,1
DA:142,1
DA:143,1
DA:144,1
DA:147,1
DA:148,1
DA:149,1
DA:150,1
DA:151,1
DA:152,1
DA:155,1
DA:156,1
DA:157,1
DA:158,1
DA:159,1
DA:160,1
DA:161,1
DA:162,1
DA:163,1
DA:164,1
DA:165,1
DA:166,1
DA:169,1
DA:170,1
DA:171,1
DA:172,1
DA:173,1
DA:174,1
DA:177,1
DA:178,1
DA:179,1
DA:180,1
DA:181,1
DA:182,1
DA:183,1
DA:184,1
DA:185,1
DA:188,1
DA:189,1
DA:190,1
DA:191,1
DA:192,1
DA:193,1
DA:194,1
DA:195,1
DA:196,1
DA:199,1
DA:200,1
DA:201,1
DA:202,1
DA:204,1
DA:205,1
DA:208,1
DA:209,1
DA:210,1
DA:211,1
DA:213,1
DA:214,1
DA:217,1
DA:218,1
DA:219,1
DA:220,1
DA:221,1
DA:222,1
DA:223,1
DA:224,1
DA:227,1
DA:228,1
DA:229,1
DA:230,1
DA:231,1
DA:232,1
DA:233,1
DA:234,1
DA:235,1
DA:238,1
DA:239,1
DA:240,1
DA:241,1
DA:242,1
DA:243,1
DA:244,1
DA:245,1
DA:246,1
DA:252,1
DA:253,1
DA:254,1
DA:255,1
DA:256,1
DA:257,1
DA:258,1
DA:259,1
DA:260,1
DA:263,1
DA:264,1
DA:265,1
DA:266,8192
DA:267,8192
DA:268,9
DA:269,8183
DA:270,8
DA:272,8175
DA:274,8192
DA:275,1
DA:276,1
DA:277,1
DA:278,1
DA:279,1
DA:282,1
DA:283,1
DA:284,8192
DA:285,8192
DA:286,8
DA:288,8184
DA:290,8192
DA:291,1
DA:292,1
DA:293,1
DA:294,1
DA:295,1
DA:298,1
DA:299,1
DA:300,1
DA:301,1
DA:302,1
DA:303,1
DA:304,1
DA:307,1
DA:308,1
DA:309,1
DA:310,1
DA:311,1
DA:312,1
DA:313,1
DA:314,1
DA:315,1
DA:318,1
DA:319,1
DA:320,1
DA:321,1
DA:322,1
DA:323,1
DA:325,1
DA:326,1
DA:327,1
DA:330,1
DA:331,1
DA:332,1
DA:333,1
DA:334,1
DA:335,1
DA:336,1
DA:339,1
DA:340,1
DA:341,1
DA:342,1
DA:343,1
DA:344,1
DA:345,1
DA:346,1
DA:349,1
DA:350,1
DA:351,1
DA:352,1
DA:353,1
DA:354,1
DA:355,1
DA:358,1
DA:359,1
DA:360,1
DA:361,1
DA:362,1
DA:363,1
DA:364,1
DA:365,1
DA:368,1
DA:369,1
DA:370,1
DA:371,1
DA:372,1
DA:373,1
DA:375,1
DA:376,1
DA:377,1
DA:380,1
DA:381,1
DA:382,1
DA:383,1
DA:384,1
DA:385,1
DA:386,1
DA:388,1
DA:389,1
DA:390,1
DA:393,1
DA:394,1
DA:395,1
DA:396,1
DA:397,1
DA:398,1
DA:399,1
DA:402,1
DA:403,1
DA:404,1
DA:405,1
DA:406,1
DA:407,1
DA:408,1
DA:409,1
DA:410,1
DA:411,1
DA:412,1
DA:413,1
DA:414,1
DA:415,1
DA:416,1
BRF:0
BRH:0
LF:322
LH:318
end_of_record
SF:/home/andy/dev/sas-reader-2000/src/sas/header/encoding.rs
FN:77,_RNvMNtNtNtCs1Zotm579C3S_15sas_reader_20003sas6header8encodingNtB2_8Encoding7from_u8
FN:166,_RNvNtNtNtNtCs1Zotm579C3S_15sas_reader_20003sas6header8encoding5testss_26can_get_encoding_from_code
FN:172,_RNvNtNtNtNtCs1Zotm579C3S_15sas_reader_20003sas6header8encoding5testss_18test_code_for_utf8
FN:178,_RNvNtNtNtNtCs1Zotm579C3S_15sas_reader_20003sas6header8encoding5testss_23test_code_for_iso8859_1
FN:185,_RNvNtNtNtNtCs1Zotm579C3S_15sas_reader_20003sas6header8encoding5testss_34can_get_encoding_from_invalid_code
FNDA:7,_RNvMNtNtNtCs1Zotm579C3S_15sas_reader_20003sas6header8encodingNtB2_8Encoding7from_u8
FNDA:1,_RNvNtNtNtNtCs1Zotm579C3S_15sas_reader_20003sas6header8encoding5testss_26can_get_encoding_from_code
FNDA:1,_RNvNtNtNtNtCs1Zotm579C3S_15sas_reader_20003sas6header8encoding5testss_18test_code_for_utf8
FNDA:1,_RNvNtNtNtNtCs1Zotm579C3S_15sas_reader_20003sas6header8encoding5testss_23test_code_for_iso8859_1
FNDA:1,_RNvNtNtNtNtCs1Zotm579C3S_15sas_reader_20003sas6header8encoding5testss_34can_get_encoding_from_invalid_code
FNF:5
FNH:5
DA:77,7
DA:78,7
DA:79,1
DA:80,2
DA:81,0
DA:82,2
DA:83,0
DA:84,0
DA:85,0
DA:86,0
DA:87,0
DA:88,0
DA:89,0
DA:90,0
DA:91,0
DA:92,0
DA:93,0
DA:94,0
DA:95,0
DA:96,0
DA:97,0
DA:98,0
DA:99,0
DA:100,0
DA:101,0
DA:102,0
DA:103,0
DA:104,0
DA:105,0
DA:106,0
DA:107,0
DA:108,0
DA:109,0
DA:110,0
DA:111,0
DA:112,0
DA:113,0
DA:114,1
DA:115,0
DA:116,0
DA:117,0
DA:118,0
DA:119,0
DA:120,0
DA:121,0
DA:122,0
DA:123,0
DA:124,0
DA:125,0
DA:126,0
DA:127,0
DA:128,0
DA:129,0
DA:130,0
DA:131,0
DA:132,0
DA:133,0
DA:134,0
DA:135,0
DA:136,0
DA:137,0
DA:138,0
DA:139,0
DA:140,0
DA:141,0
DA:142,0
DA:143,0
DA:144,0
DA:145,0
DA:146,0
DA:147,0
DA:148,0
DA:149,0
DA:150,0
DA:151,0
DA:152,0
DA:153,0
DA:154,1
DA:156,6
DA:157,7
DA:166,1
DA:167,1
DA:168,1
DA:169,1
DA:172,1
DA:173,1
DA:174,1
DA:175,1
DA:178,1
DA:179,1
DA:180,1
DA:181,1
DA:182,1
DA:185,1
DA:186,1
DA:187,1
DA:188,1
BRF:0
BRH:0
LF:97
LH:26
end_of_record
SF:/home/andy/dev/sas-reader-2000/src/sas/header/endianness.rs
FN:29,_RNvNtNtNtNtCs1Zotm579C3S_15sas_reader_20003sas6header10endianness5testss_34test_endianness_from_u8_when_valid
FN:38,_RNvNtNtNtNtCs1Zotm579C3S_15sas_reader_20003sas6header10endianness5testss_58test_endianness_from_u8_panics_when_invalid_code_unwrapped
FN:9,_RNvMNtNtNtCs1Zotm579C3S_15sas_reader_20003sas6header10endiannessNtB2_10Endianness7from_u8
FNDA:1,_RNvNtNtNtNtCs1Zotm579C3S_15sas_reader_20003sas6header10endianness5testss_34test_endianness_from_u8_when_valid
FNDA:1,_RNvNtNtNtNtCs1Zotm579C3S_15sas_reader_20003sas6header10endianness5testss_58test_endianness_from_u8_panics_when_invalid_code_unwrapped
FNDA:6,_RNvMNtNtNtCs1Zotm579C3S_15sas_reader_20003sas6header10endiannessNtB2_10Endianness7from_u8
FNF:3
FNH:3
DA:9,6
DA:10,6
DA:11,1
DA:12,4
DA:14,1
DA:15,1
DA:16,1
DA:17,1
DA:18,1
DA:21,6
DA:29,1
DA:30,1
DA:31,1
DA:32,1
DA:38,1
DA:39,1
DA:40,1
BRF:0
BRH:0
LF:17
LH:17
end_of_record
SF:/home/andy/dev/sas-reader-2000/src/sas/header/file_type.rs
FN:8,_RNvMNtNtNtCs1Zotm579C3S_15sas_reader_20003sas6header9file_typeNtB2_8FileType8from_str
FN:30,_RNvNtNtNtNtCs1Zotm579C3S_15sas_reader_20003sas6header9file_type5testss_23can_make_file_type_enum
FN:38,_RNvNtNtNtNtCs1Zotm579C3S_15sas_reader_20003sas6header9file_type5testss_33test_file_type_from_str_when_data
FN:44,_RNvNtNtNtNtCs1Zotm579C3S_15sas_reader_20003sas6header9file_type5testss_36test_file_type_from_str_when_catalog
FN:53,_RNvNtNtNtNtCs1Zotm579C3S_15sas_reader_20003sas6header9file_type5testss_36test_file_type_from_str_when_unknown
FNDA:5,_RNvMNtNtNtCs1Zotm579C3S_15sas_reader_20003sas6header9file_typeNtB2_8FileType8from_str
FNDA:1,_RNvNtNtNtNtCs1Zotm579C3S_15sas_reader_20003sas6header9file_type5testss_23can_make_file_type_enum
FNDA:1,_RNvNtNtNtNtCs1Zotm579C3S_15sas_reader_20003sas6header9file_type5testss_33test_file_type_from_str_when_data
FNDA:1,_RNvNtNtNtNtCs1Zotm579C3S_15sas_reader_20003sas6header9file_type5testss_36test_file_type_from_str_when_catalog
FNDA:1,_RNvNtNtNtNtCs1Zotm579C3S_15sas_reader_20003sas6header9file_type5testss_36test_file_type_from_str_when_unknown
FNF:5
FNH:5
DA:8,5
DA:9,5
DA:10,5
DA:11,2
DA:13,1
DA:14,1
DA:15,1
DA:16,1
DA:17,1
DA:20,5
DA:30,1
DA:31,1
DA:32,1
DA:33,1
DA:34,1
DA:35,1
DA:38,1
DA:39,1
DA:40,1
DA:41,1
DA:44,1
DA:45,1
DA:46,1
DA:47,1
DA:53,1
DA:54,1
DA:55,1
BRF:0
BRH:0
LF:27
LH:27
end_of_record
SF:/home/andy/dev/sas-reader-2000/src/sas/header/mod.rs
FN:29,_RNvMNtNtCs1Zotm579C3S_15sas_reader_20003sas6headerNtB2_9SasHeader3new
FN:41,_RNvMNtNtCs1Zotm579C3S_15sas_reader_20003sas6headerNtB2_9SasHeader5bytes
FN:45,_RNvMNtNtCs1Zotm579C3S_15sas_reader_20003sas6headerNtB2_9SasHeader17read_magic_number
FN:50,_RNvMNtNtCs1Zotm579C3S_15sas_reader_20003sas6headerNtB2_9SasHeader14read_alignment
FN:64,_RNvMNtNtCs1Zotm579C3S_15sas_reader_20003sas6headerNtB2_9SasHeader18is_u64_file_format
FN:73,_RNvMNtNtCs1Zotm579C3S_15sas_reader_20003sas6headerNtB2_9SasHeader40byte_controling_offset_before_timestamps
FN:82,_RNvMNtNtCs1Zotm579C3S_15sas_reader_20003sas6headerNtB2_9SasHeader15read_endianness
FN:90,_RNvMNtNtCs1Zotm579C3S_15sas_reader_20003sas6headerNtB2_9SasHeader13read_unknowns
FN:97,_RNvMNtNtCs1Zotm579C3S_15sas_reader_20003sas6headerNtB2_9SasHeader23read_character_encoding
FN:113,_RNvNtNtNtCs1Zotm579C3S_15sas_reader_20003sas6header5testss_21can_create_sas_header
FN:130,_RNvNtNtNtCs1Zotm579C3S_15sas_reader_20003sas6header5testss_16can_return_bytes
FN:138,_RNvNtNtNtCs1Zotm579C3S_15sas_reader_20003sas6header5testss_17can_read_unknowns
FN:153,_RNvNtNtNtCs1Zotm579C3S_15sas_reader_20003sas6header5testss_21can_read_magic_number
FN:165,_RNvNtNtNtCs1Zotm579C3S_15sas_reader_20003sas6header5testss_19can_read_alignment1
FN:177,_RNvNtNtNtCs1Zotm579C3S_15sas_reader_20003sas6header5testss_19can_read_alignment2
FN:189,_RNvNtNtNtCs1Zotm579C3S_15sas_reader_20003sas6header5testss_18can_read_endianess
FN:202,_RNvNtNtNtCs1Zotm579C3S_15sas_reader_20003sas6header5testss_23test_is_u64_file_format
FN:224,_RNvNtNtNtCs1Zotm579C3S_15sas_reader_20003sas6header5testss_46test_byte_controling_offset_before_timestamps1
FN:235,_RNvNtNtNtCs1Zotm579C3S_15sas_reader_20003sas6header5testss_46test_byte_controling_offset_before_timestamps2
FN:248,_RNvNtNtNtCs1Zotm579C3S_15sas_reader_20003sas6header5testss_46test_byte_controling_offset_before_timestamps3
FN:260,_RNvNtNtNtCs1Zotm579C3S_15sas_reader_20003sas6header5testss_26can_get_character_encoding
FNDA:14,_RNvMNtNtCs1Zotm579C3S_15sas_reader_20003sas6headerNtB2_9SasHeader3new
FNDA:2,_RNvMNtNtCs1Zotm579C3S_15sas_reader_20003sas6headerNtB2_9SasHeader5bytes
FNDA:1,_RNvMNtNtCs1Zotm579C3S_15sas_reader_20003sas6headerNtB2_9SasHeader17read_magic_number
FNDA:8,_RNvMNtNtCs1Zotm579C3S_15sas_reader_20003sas6headerNtB2_9SasHeader14read_alignment
FNDA:3,_RNvMNtNtCs1Zotm579C3S_15sas_reader_20003sas6headerNtB2_9SasHeader18is_u64_file_format
FNDA:3,_RNvMNtNtCs1Zotm579C3S_15sas_reader_20003sas6headerNtB2_9SasHeader40byte_controling_offset_before_timestamps
FNDA:1,_RNvMNtNtCs1Zotm579C3S_15sas_reader_20003sas6headerNtB2_9SasHeader15read_endianness
FNDA:1,_RNvMNtNtCs1Zotm579C3S_15sas_reader_20003sas6headerNtB2_9SasHeader13read_unknowns
FNDA:1,_RNvMNtNtCs1Zotm579C3S_15sas_reader_20003sas6headerNtB2_9SasHeader23read_character_encoding
FNDA:1,_RNvNtNtNtCs1Zotm579C3S_15sas_reader_20003sas6header5testss_21can_create_sas_header
FNDA:1,_RNvNtNtNtCs1Zotm579C3S_15sas_reader_20003sas6header5testss_16can_return_bytes
FNDA:1,_RNvNtNtNtCs1Zotm579C3S_15sas_reader_20003sas6header5testss_17can_read_unknowns
FNDA:1,_RNvNtNtNtCs1Zotm579C3S_15sas_reader_20003sas6header5testss_21can_read_magic_number
FNDA:1,_RNvNtNtNtCs1Zotm579C3S_15sas_reader_20003sas6header5testss_19can_read_alignment1
FNDA:1,_RNvNtNtNtCs1Zotm579C3S_15sas_reader_20003sas6header5testss_19can_read_alignment2
FNDA:1,_RNvNtNtNtCs1Zotm579C3S_15sas_reader_20003sas6header5testss_18can_read_endianess
FNDA:1,_RNvNtNtNtCs1Zotm579C3S_15sas_reader_20003sas6header5testss_23test_is_u64_file_format
FNDA:1,_RNvNtNtNtCs1Zotm579C3S_15sas_reader_20003sas6header5testss_46test_byte_controling_offset_before_timestamps1
FNDA:1,_RNvNtNtNtCs1Zotm579C3S_15sas_reader_20003sas6header5testss_46test_byte_controling_offset_before_timestamps2
FNDA:1,_RNvNtNtNtCs1Zotm579C3S_15sas_reader_20003sas6header5testss_46test_byte_controling_offset_before_timestamps3
FNDA:1,_RNvNtNtNtCs1Zotm579C3S_15sas_reader_20003sas6header5testss_26can_get_character_encoding
FNF:21
FNH:21
DA:29,14
DA:30,14
DA:31,14
DA:32,14
DA:33,14
DA:34,14
DA:35,14
DA:36,14
DA:37,14
DA:38,14
DA:39,14
DA:41,2
DA:42,2
DA:43,2
DA:45,1
DA:46,1
DA:47,1
DA:48,1
DA:50,8
DA:51,8
DA:52,8
DA:53,8
DA:54,8
DA:55,8
DA:56,8
DA:57,8
DA:58,8
DA:59,8
DA:60,8
DA:61,8
DA:62,8
DA:64,3
DA:65,3
DA:66,2
DA:67,2
DA:69,3
DA:70,3
DA:71,3
DA:73,3
DA:74,3
DA:75,2
DA:76,2
DA:78,3
DA:79,3
DA:80,3
DA:82,1
DA:83,1
DA:84,1
DA:85,1
DA:86,0
DA:88,1
DA:90,1
DA:91,1
DA:92,1
DA:93,1
DA:94,1
DA:95,1
DA:97,1
DA:98,1
DA:99,1
DA:100,1
DA:101,0
DA:103,1
DA:113,1
DA:114,1
DA:115,1
DA:116,1
DA:117,1
DA:118,1
DA:119,1
DA:120,1
DA:121,1
DA:122,1
DA:123,1
DA:124,1
DA:125,1
DA:126,1
DA:127,1
DA:130,1
DA:131,1
DA:132,1
DA:133,1
DA:134,1
DA:135,1
DA:138,1
DA:139,1
DA:140,1
DA:141,1
DA:142,1
DA:143,1
DA:144,1
DA:145,1
DA:146,1
DA:147,1
DA:148,1
DA:149,1
DA:150,1
DA:153,1
DA:154,1
DA:155,1
DA:156,1
DA:157,1
DA:158,1
DA:159,1
DA:160,1
DA:161,1
DA:162,1
DA:165,1
DA:166,1
DA:167,1
DA:168,1
DA:169,1
DA:170,1
DA:171,1
DA:172,1
DA:173,1
DA:174,1
DA:177,1
DA:178,1
DA:179,1
DA:180,1
DA:181,1
DA:182,1
DA:183,1
DA:184,1
DA:185,1
DA:186,1
DA:189,1
DA:190,1
DA:191,1
DA:192,1
DA:193,1
DA:194,1
DA:195,1
DA:196,1
DA:197,1
DA:199,1
DA:202,1
DA:203,1
DA:204,1
DA:205,1
DA:206,1
DA:207,1
DA:208,1
DA:209,1
DA:210,1
DA:211,1
DA:212,1
DA:214,1
DA:215,1
DA:217,1
DA:218,1
DA:219,1
DA:220,1
DA:221,1
DA:224,1
DA:225,1
DA:226,1
DA:227,1
DA:228,1
DA:229,1
DA:230,1
DA:231,1
DA:232,1
DA:235,1
DA:236,1
DA:237,1
DA:238,1
DA:239,1
DA:240,1
DA:241,1
DA:242,1
DA:243,1
DA:244,1
DA:245,1
DA:248,1
DA:249,1
DA:250,1
DA:251,1
DA:252,1
DA:253,1
DA:254,1
DA:255,1
DA:256,1
DA:257,1
DA:260,1
DA:261,1
DA:262,1
DA:263,1
DA:264,1
DA:265,1
DA:266,1
DA:267,1
DA:268,1
BRF:0
BRH:0
LF:194
LH:192
end_of_record
SF:/home/andy/dev/sas-reader-2000/src/sas/header/os_type.rs
FN:8,_RNvMNtNtNtCs1Zotm579C3S_15sas_reader_20003sas6header7os_typeNtB2_6OsType7from_u8
FN:23,_RNvNtNtNtNtCs1Zotm579C3S_15sas_reader_20003sas6header7os_type5testss_21can_make_os_type_enum
FN:31,_RNvNtNtNtNtCs1Zotm579C3S_15sas_reader_20003sas6header7os_type5testss_30test_os_type_from_u8_when_unix
FN:37,_RNvNtNtNtNtCs1Zotm579C3S_15sas_reader_20003sas6header7os_type5testss_33test_os_type_from_u8_when_windows
FN:46,_RNvNtNtNtNtCs1Zotm579C3S_15sas_reader_20003sas6header7os_type5testss_33test_os_type_from_u8_when_unknown
FNDA:7,_RNvMNtNtNtCs1Zotm579C3S_15sas_reader_20003sas6header7os_typeNtB2_6OsType7from_u8
FNDA:1,_RNvNtNtNtNtCs1Zotm579C3S_15sas_reader_20003sas6header7os_type5testss_21can_make_os_type_enum
FNDA:1,_RNvNtNtNtNtCs1Zotm579C3S_15sas_reader_20003sas6header7os_type5testss_30test_os_type_from_u8_when_unix
FNDA:1,_RNvNtNtNtNtCs1Zotm579C3S_15sas_reader_20003sas6header7os_type5testss_33test_os_type_from_u8_when_windows
FNDA:1,_RNvNtNtNtNtCs1Zotm579C3S_15sas_reader_20003sas6header7os_type5testss_33test_os_type_from_u8_when_unknown
FNF:5
FNH:5
DA:8,7
DA:9,7
DA:10,3
DA:11,2
DA:12,2
DA:14,5
DA:23,1
DA:24,1
DA:25,1
DA:26,1
DA:27,1
DA:28,1
DA:31,1
DA:32,1
DA:33,1
DA:34,1
DA:37,1
DA:38,1
DA:39,1
DA:40,1
DA:46,1
DA:47,1
DA:48,1
BRF:0
BRH:0
LF:23
LH:23
end_of_record
SF:/home/andy/dev/sas-reader-2000/src/sas/header/unknowns.rs
FN:41,_RNCNvMNtNtNtCs1Zotm579C3S_15sas_reader_20003sas6header8unknownsNtB4_17SasHeaderUnknowns12insert_range0Ba_
FN:63,_RNCNvMNtNtNtCs1Zotm579C3S_15sas_reader_20003sas6header8unknownsNtB4_17SasHeaderUnknowns4read0Ba_
FN:74,_RNvNtNtNtNtCs1Zotm579C3S_15sas_reader_20003sas6header8unknowns5testss_24test_make_inner_hash_map
FN:82,_RNvNtNtNtNtCs1Zotm579C3S_15sas_reader_20003sas6header8unknowns5testss_28test_sas_header_unknowns_new
FN:90,_RNvNtNtNtNtCs1Zotm579C3S_15sas_reader_20003sas6header8unknowns5testss_23test_insert_to_unknowns
FN:102,_RNvNtNtNtNtCs1Zotm579C3S_15sas_reader_20003sas6header8unknowns5testss_17test_insert_range
FN:116,_RNvNtNtNtNtCs1Zotm579C3S_15sas_reader_20003sas6header8unknowns5testss_9test_read
FN:107,_RNCNvNtNtNtNtCs1Zotm579C3S_15sas_reader_20003sas6header8unknowns5testss_17test_insert_range0Bb_
FN:8,_RNvNtNtNtCs1Zotm579C3S_15sas_reader_20003sas6header8unknowns19make_inner_hash_map
FN:23,_RNvMNtNtNtCs1Zotm579C3S_15sas_reader_20003sas6header8unknownsNtB2_17SasHeaderUnknowns3new
FN:30,_RNvMNtNtNtCs1Zotm579C3S_15sas_reader_20003sas6header8unknownsNtB2_17SasHeaderUnknowns18insert_to_unknowns
FN:40,_RNvMNtNtNtCs1Zotm579C3S_15sas_reader_20003sas6header8unknownsNtB2_17SasHeaderUnknowns12insert_range
FN:46,_RNvMNtNtNtCs1Zotm579C3S_15sas_reader_20003sas6header8unknownsNtB2_17SasHeaderUnknowns4read
FNDA:201,_RNCNvMNtNtNtCs1Zotm579C3S_15sas_reader_20003sas6header8unknownsNtB4_17SasHeaderUnknowns12insert_range0Ba_
FNDA:30,_RNCNvMNtNtNtCs1Zotm579C3S_15sas_reader_20003sas6header8unknownsNtB4_17SasHeaderUnknowns4read0Ba_
FNDA:1,_RNvNtNtNtNtCs1Zotm579C3S_15sas_reader_20003sas6header8unknowns5testss_24test_make_inner_hash_map
FNDA:1,_RNvNtNtNtNtCs1Zotm579C3S_15sas_reader_20003sas6header8unknowns5testss_28test_sas_header_unknowns_new
FNDA:1,_RNvNtNtNtNtCs1Zotm579C3S_15sas_reader_20003sas6header8unknowns5testss_23test_insert_to_unknowns
FNDA:1,_RNvNtNtNtNtCs1Zotm579C3S_15sas_reader_20003sas6header8unknowns5testss_17test_insert_range
FNDA:1,_RNvNtNtNtNtCs1Zotm579C3S_15sas_reader_20003sas6header8unknowns5testss_9test_read
FNDA:3,_RNCNvNtNtNtNtCs1Zotm579C3S_15sas_reader_20003sas6header8unknowns5testss_17test_insert_range0Bb_
FNDA:203,_RNvNtNtNtCs1Zotm579C3S_15sas_reader_20003sas6header8unknowns19make_inner_hash_map
FNDA:6,_RNvMNtNtNtCs1Zotm579C3S_15sas_reader_20003sas6header8unknownsNtB2_17SasHeaderUnknowns3new
FNDA:202,_RNvMNtNtNtCs1Zotm579C3S_15sas_reader_20003sas6header8unknownsNtB2_17SasHeaderUnknowns18insert_to_unknowns
FNDA:31,_RNvMNtNtNtCs1Zotm579C3S_15sas_reader_20003sas6header8unknownsNtB2_17SasHeaderUnknowns12insert_range
FNDA:3,_RNvMNtNtNtCs1Zotm579C3S_15sas_reader_20003sas6header8unknownsNtB2_17SasHeaderUnknowns4read
FNF:13
FNH:13
DA:8,203
DA:9,203
DA:10,203
DA:11,203
DA:12,203
DA:13,203
DA:14,203
DA:23,6
DA:24,6
DA:25,6
DA:26,6
DA:27,6
DA:28,6
DA:30,202
DA:31,202
DA:32,5
DA:33,197
DA:34,202
DA:35,202
DA:36,202
DA:37,202
DA:38,202
DA:40,31
DA:41,201
DA:42,201
DA:43,201
DA:44,31
DA:46,3
DA:47,3
DA:48,3
DA:49,3
DA:50,3
DA:51,3
DA:52,3
DA:53,3
DA:54,3
DA:55,3
DA:56,3
DA:57,3
DA:58,3
DA:59,3
DA:60,3
DA:61,3
DA:62,3
DA:63,30
DA:64,30
DA:65,30
DA:66,3
DA:74,1
DA:75,1
DA:76,1
DA:77,1
DA:78,1
DA:79,1
DA:82,1
DA:83,1
DA:84,1
DA:85,1
DA:86,1
DA:87,1
DA:90,1
DA:91,1
DA:92,1
DA:93,1
DA:94,1
DA:95,1
DA:96,1
DA:97,1
DA:98,1
DA:99,1
DA:102,1
DA:103,1
DA:104,1
DA:105,1
DA:106,1
DA:107,3
DA:108,3
DA:109,3
DA:110,3
DA:111,3
DA:112,3
DA:113,1
DA:116,1
DA:117,1
DA:118,1
DA:119,1
DA:120,1
DA:121,1
BRF:0
BRH:0
LF:94
LH:94
end_of_record
SF:/home/andy/dev/sas-reader-2000/src/sas/page_type.rs
FN:28,_RNvNtNtNtCs1Zotm579C3S_15sas_reader_20003sas9page_type5testss_23test_page_type_from_u16
FN:11,_RNvMNtNtCs1Zotm579C3S_15sas_reader_20003sas9page_typeNtB2_8PageType8from_u16
FNDA:1,_RNvNtNtNtCs1Zotm579C3S_15sas_reader_20003sas9page_type5testss_23test_page_type_from_u16
FNDA:5,_RNvMNtNtCs1Zotm579C3S_15sas_reader_20003sas9page_typeNtB2_8PageType8from_u16
FNF:2
FNH:2
DA:11,5
DA:12,5
DA:13,1
DA:14,1
DA:15,1
DA:16,1
DA:17,1
DA:19,5
DA:28,1
DA:29,1
DA:30,1
DA:31,1
DA:32,1
DA:33,1
DA:34,1
BRF:0
BRH:0
LF:15
LH:15
end_of_record
SF:/home/andy/dev/sas-reader-2000/src/sas_reader.rs
FN:4,_RNvNtCs1Zotm579C3S_15sas_reader_200010sas_reader13read_sas_file
FN:17,_RNvMNtCs1Zotm579C3S_15sas_reader_200010sas_readerNtB2_9SasReader3new
FN:21,_RNvMNtCs1Zotm579C3S_15sas_reader_200010sas_readerNtB2_9SasReader17get_file_contents
FN:28,_RNvMNtCs1Zotm579C3S_15sas_reader_200010sas_readerNtB2_9SasReader15validate_format
FN:48,_RNvNtNtCs1Zotm579C3S_15sas_reader_200010sas_reader5testss_22can_read_sas7bdat_file
FN:55,_RNvNtNtCs1Zotm579C3S_15sas_reader_200010sas_reader5testss_21can_create_sas_reader
FN:67,_RNvNtNtCs1Zotm579C3S_15sas_reader_200010sas_reader5testss_21can_get_file_contents
FN:81,_RNvNtNtCs1Zotm579C3S_15sas_reader_200010sas_reader5testss_32can_get_file_contents_with_error
FN:95,_RNvNtNtCs1Zotm579C3S_15sas_reader_200010sas_reader5testss_33can_validate_sas7bdat_file_format
FNDA:1,_RNvNtCs1Zotm579C3S_15sas_reader_200010sas_reader13read_sas_file
FNDA:4,_RNvMNtCs1Zotm579C3S_15sas_reader_200010sas_readerNtB2_9SasReader3new
FNDA:4,_RNvMNtCs1Zotm579C3S_15sas_reader_200010sas_readerNtB2_9SasReader17get_file_contents
FNDA:2,_RNvMNtCs1Zotm579C3S_15sas_reader_200010sas_readerNtB2_9SasReader15validate_format
FNDA:1,_RNvNtNtCs1Zotm579C3S_15sas_reader_200010sas_reader5testss_22can_read_sas7bdat_file
FNDA:1,_RNvNtNtCs1Zotm579C3S_15sas_reader_200010sas_reader5testss_21can_create_sas_reader
FNDA:1,_RNvNtNtCs1Zotm579C3S_15sas_reader_200010sas_reader5testss_21can_get_file_contents
FNDA:1,_RNvNtNtCs1Zotm579C3S_15sas_reader_200010sas_reader5testss_32can_get_file_contents_with_error
FNDA:1,_RNvNtNtCs1Zotm579C3S_15sas_reader_200010sas_reader5testss_33can_validate_sas7bdat_file_format
FNF:9
FNH:9
DA:4,1
DA:5,1
DA:6,1
DA:7,1
DA:17,4
DA:18,4
DA:19,4
DA:21,4
DA:22,4
DA:23,2
DA:24,2
DA:25,2
DA:26,4
DA:28,2
DA:29,2
DA:30,2
DA:31,2
DA:32,2
DA:33,2
DA:34,2
DA:35,2
DA:36,2
DA:37,2
DA:48,1
DA:49,1
DA:50,1
DA:51,1
DA:52,1
DA:55,1
DA:56,1
DA:57,1
DA:58,1
DA:59,1
DA:60,1
DA:61,1
DA:62,1
DA:63,1
DA:64,1
DA:67,1
DA:68,1
DA:69,1
DA:70,1
DA:71,1
DA:72,1
DA:73,1
DA:74,0
DA:77,1
DA:78,1
DA:81,1
DA:82,1
DA:83,1
DA:84,0
DA:85,0
DA:86,0
DA:87,0
DA:88,1
DA:91,1
DA:92,1
DA:95,1
DA:96,1
DA:97,1
DA:98,1
DA:99,0
DA:102,1
DA:103,1
BRF:0
BRH:0
LF:65
LH:59
end_of_record
SF:/home/andy/dev/sas-reader-2000/src/util/mod.rs
FN:1,_RNvNtCs1Zotm579C3S_15sas_reader_20004util18is_twos_complement
FN:12,_RNvNtCs1Zotm579C3S_15sas_reader_20004util16is_little_endian
FN:28,_RNvNtNtCs1Zotm579C3S_15sas_reader_20004util5testss_23test_is_twos_complement
FN:33,_RNvNtNtCs1Zotm579C3S_15sas_reader_20004util5testss_21test_is_little_endian
FNDA:1,_RNvNtCs1Zotm579C3S_15sas_reader_20004util18is_twos_complement
FNDA:1,_RNvNtCs1Zotm579C3S_15sas_reader_20004util16is_little_endian
FNDA:1,_RNvNtNtCs1Zotm579C3S_15sas_reader_20004util5testss_23test_is_twos_complement
FNDA:1,_RNvNtNtCs1Zotm579C3S_15sas_reader_20004util5testss_21test_is_little_endian
FNF:4
FNH:4
DA:1,1
DA:2,1
DA:3,1
DA:4,1
DA:5,1
DA:6,1
DA:7,1
DA:9,1
DA:10,1
DA:12,1
DA:13,1
DA:14,1
DA:15,1
DA:16,1
DA:17,1
DA:18,1
DA:20,1
DA:21,1
DA:28,1
DA:29,1
DA:30,1
DA:33,1
DA:34,1
DA:35,1
BRF:0
BRH:0
LF:24
LH:24
end_of_record