SF:/home/andy/dev/sas-reader-2000/src/main.rs
FN:1,_RNvCs6UV52ebJDD6_15sas_reader_20004main
FNDA:0,_RNvCs6UV52ebJDD6_15sas_reader_20004main
FNF:1
FNH:0
DA:1,0
DA:2,0
DA:3,0
BRF:0
BRH:0
LF:3
LH:0
end_of_record
SF:/home/andy/dev/sas-reader-2000/src/sas/alignment.rs
FN:7,_RNvMNtNtCs1Zotm579C3S_15sas_reader_20003sas9alignmentNtB2_9Alignment7from_u8
FN:20,_RNvNtNtNtCs1Zotm579C3S_15sas_reader_20003sas9alignment5testss_25can_make_alignment_struct
FN:28,_RNvNtNtNtCs1Zotm579C3S_15sas_reader_20003sas9alignment5testss_22test_alignment_from_u8
FNDA:17,_RNvMNtNtCs1Zotm579C3S_15sas_reader_20003sas9alignmentNtB2_9Alignment7from_u8
FNDA:1,_RNvNtNtNtCs1Zotm579C3S_15sas_reader_20003sas9alignment5testss_25can_make_alignment_struct
FNDA:1,_RNvNtNtNtCs1Zotm579C3S_15sas_reader_20003sas9alignment5testss_22test_alignment_from_u8
FNF:3
FNH:3
DA:7,17
DA:8,17
DA:9,1
DA:10,16
DA:12,17
DA:20,1
DA:21,1
DA:22,1
DA:23,1
DA:24,1
DA:25,1
DA:28,1
DA:29,1
DA:30,1
DA:32,1
DA:33,1
DA:35,1
DA:36,1
DA:38,1
DA:39,1
DA:41,1
DA:42,1
DA:44,1
DA:45,1
DA:46,1
DA:47,1
BRF:0
BRH:0
LF:26
LH:26
end_of_record
SF:/home/andy/dev/sas-reader-2000/src/sas/compression.rs
FN:11,_RNvMNtNtCs1Zotm579C3S_15sas_reader_20003sas11compressionNtB2_11Compression7from_u8
FN:26,_RNvNtNtNtCs1Zotm579C3S_15sas_reader_20003sas11compression5testss_12test_from_u8
FN:34,_RNvNtNtNtCs1Zotm579C3S_15sas_reader_20003sas11compression5testss_26test_truncated_compression
FN:42,_RNvNtNtNtCs1Zotm579C3S_15sas_reader_20003sas11compression5testss_20test_rle_compression
FN:50,_RNvNtNtNtCs1Zotm579C3S_15sas_reader_20003sas11compression5testss_24test_invalid_compression
FNDA:4,_RNvMNtNtCs1Zotm579C3S_15sas_reader_20003sas11compressionNtB2_11Compression7from_u8
FNDA:1,_RNvNtNtNtCs1Zotm579C3S_15sas_reader_20003sas11compression5testss_12test_from_u8
FNDA:1,_RNvNtNtNtCs1Zotm579C3S_15sas_reader_20003sas11compression5testss_26test_truncated_compression
FNDA:1,_RNvNtNtNtCs1Zotm579C3S_15sas_reader_20003sas11compression5testss_20test_rle_compression
FNDA:1,_RNvNtNtNtCs1Zotm579C3S_15sas_reader_20003sas11compression5testss_24test_invalid_compression
FNF:5
FNH:5
DA:11,4
DA:12,4
DA:13,1
DA:14,1
DA:15,1
DA:16,1
DA:18,4
DA:26,1
DA:27,1
DA:28,1
DA:29,1
DA:30,1
DA:31,1
DA:34,1
DA:35,1
DA:36,1
DA:37,1
DA:38,1
DA:39,1
DA:42,1
DA:43,1
DA:44,1
DA:45,1
DA:46,1
DA:47,1
DA:50,1
DA:51,1
DA:52,1
DA:53,1
DA:54,1
BRF:0
BRH:0
LF:30
LH:30
end_of_record
SF:/home/andy/dev/sas-reader-2000/src/sas/constants.rs
FN:27,_RNvXs_NtNtCs1Zotm579C3S_15sas_reader_20003sas9constantsNtB4_12SasConstantsNtNtCs5cYH0lLSdLc_4core7default7Default7default
FN:10,_RNvMNtNtCs1Zotm579C3S_15sas_reader_20003sas9constantsNtB2_12SasConstants3new
FNDA:0,_RNvXs_NtNtCs1Zotm579C3S_15sas_reader_20003sas9constantsNtB4_12SasConstantsNtNtCs5cYH0lLSdLc_4core7default7Default7default
FNDA:2,_RNvMNtNtCs1Zotm579C3S_15sas_reader_20003sas9constantsNtB2_12SasConstants3new
FNF:2
FNH:1
DA:10,2
DA:11,2
DA:12,2
DA:13,2
DA:14,2
DA:15,2
DA:16,2
DA:17,2
DA:18,2
DA:19,2
DA:20,2
DA:21,2
DA:22,2
DA:23,2
DA:27,0
DA:28,0
DA:29,0
BRF:0
BRH:0
LF:17
LH:14
end_of_record
SF:/home/andy/dev/sas-reader-2000/src/sas/encoding.rs
FN:77,_RNvMNtNtCs1Zotm579C3S_15sas_reader_20003sas8encodingNtB2_8Encoding9from_code
FN:166,_RNvNtNtNtCs1Zotm579C3S_15sas_reader_20003sas8encoding5testss_26can_get_encoding_from_code
FN:172,_RNvNtNtNtCs1Zotm579C3S_15sas_reader_20003sas8encoding5testss_34can_get_encoding_from_invalid_code
FNDA:2,_RNvMNtNtCs1Zotm579C3S_15sas_reader_20003sas8encodingNtB2_8Encoding9from_code
FNDA:1,_RNvNtNtNtCs1Zotm579C3S_15sas_reader_20003sas8encoding5testss_26can_get_encoding_from_code
FNDA:1,_RNvNtNtNtCs1Zotm579C3S_15sas_reader_20003sas8encoding5testss_34can_get_encoding_from_invalid_code
FNF:3
FNH:3
DA:77,2
DA:78,2
DA:79,1
DA:80,0
DA:81,0
DA:82,0
DA:83,0
DA:84,0
DA:85,0
DA:86,0
DA:87,0
DA:88,0
DA:89,0
DA:90,0
DA:91,0
DA:92,0
DA:93,0
DA:94,0
DA:95,0
DA:96,0
DA:97,0
DA:98,0
DA:99,0
DA:100,0
DA:101,0
DA:102,0
DA:103,0
DA:104,0
DA:105,0
DA:106,0
DA:107,0
DA:108,0
DA:109,0
DA:110,0
DA:111,0
DA:112,0
DA:113,0
DA:114,0
DA:115,0
DA:116,0
DA:117,0
DA:118,0
DA:119,0
DA:120,0
DA:121,0
DA:122,0
DA:123,0
DA:124,0
DA:125,0
DA:126,0
DA:127,0
DA:128,0
DA:129,0
DA:130,0
DA:131,0
DA:132,0
DA:133,0
DA:134,0
DA:135,0
DA:136,0
DA:137,0
DA:138,0
DA:139,0
DA:140,0
DA:141,0
DA:142,0
DA:143,0
DA:144,0
DA:145,0
DA:146,0
DA:147,0
DA:148,0
DA:149,0
DA:150,0
DA:151,0
DA:152,0
DA:153,0
DA:154,1
DA:156,1
DA:157,2
DA:166,1
DA:167,1
DA:168,1
DA:169,1
DA:172,1
DA:173,1
DA:174,1
DA:175,1
BRF:0
BRH:0
LF:88
LH:14
end_of_record
SF:/home/andy/dev/sas-reader-2000/src/sas/endianness.rs
FN:35,_RNvNtNtNtCs1Zotm579C3S_15sas_reader_20003sas10endianness5testss_23test_endianness_from_u8
FN:9,_RNvMNtNtCs1Zotm579C3S_15sas_reader_20003sas10endiannessNtB2_10Endianness7from_u8
FN:23,_RNvMNtNtCs1Zotm579C3S_15sas_reader_20003sas10endiannessNtB2_10Endianness16is_little_endian
FNDA:1,_RNvNtNtNtCs1Zotm579C3S_15sas_reader_20003sas10endianness5testss_23test_endianness_from_u8
FNDA:7,_RNvMNtNtCs1Zotm579C3S_15sas_reader_20003sas10endiannessNtB2_10Endianness7from_u8
FNDA:5,_RNvMNtNtCs1Zotm579C3S_15sas_reader_20003sas10endiannessNtB2_10Endianness16is_little_endian
FNF:3
FNH:3
DA:9,7
DA:10,7
DA:11,1
DA:12,1
DA:14,5
DA:15,5
DA:17,0
DA:21,7
DA:23,5
DA:24,5
DA:25,5
DA:26,5
DA:27,5
DA:35,1
DA:36,1
DA:37,1
DA:38,1
DA:39,1
DA:40,1
DA:42,1
BRF:0
BRH:0
LF:20
LH:19
end_of_record
SF:/home/andy/dev/sas-reader-2000/src/sas/errors.rs
FN:11,_RNvNtNtNtCs1Zotm579C3S_15sas_reader_20003sas6errors5testss_10test_error
FNDA:1,_RNvNtNtNtCs1Zotm579C3S_15sas_reader_20003sas6errors5testss_10test_error
FNF:1
FNH:1
DA:11,1
DA:12,1
DA:13,1
DA:14,1
BRF:0
BRH:0
LF:4
LH:4
end_of_record
SF:/home/andy/dev/sas-reader-2000/src/sas/header.rs
FN:14,_RNvMNtNtCs1Zotm579C3S_15sas_reader_20003sas6headerNtB2_9SasHeader3new
FN:25,_RNvMNtNtCs1Zotm579C3S_15sas_reader_20003sas6headerNtB2_9SasHeader5bytes
FN:29,_RNvMNtNtCs1Zotm579C3S_15sas_reader_20003sas6headerNtB2_9SasHeader17read_magic_number
FN:34,_RNvMNtNtCs1Zotm579C3S_15sas_reader_20003sas6headerNtB2_9SasHeader14read_alignment
FN:48,_RNvMNtNtCs1Zotm579C3S_15sas_reader_20003sas6headerNtB2_9SasHeader18is_u64_file_format
FN:57,_RNvMNtNtCs1Zotm579C3S_15sas_reader_20003sas6headerNtB2_9SasHeader40byte_controling_offset_before_timestamps
FN:66,_RNvMNtNtCs1Zotm579C3S_15sas_reader_20003sas6headerNtB2_9SasHeader15read_endianness
FN:71,_RNvMNtNtCs1Zotm579C3S_15sas_reader_20003sas6headerNtB2_9SasHeader13read_unknowns
FN:86,_RNvNtNtNtCs1Zotm579C3S_15sas_reader_20003sas6header5testss_21can_create_sas_header
FN:102,_RNvNtNtNtCs1Zotm579C3S_15sas_reader_20003sas6header5testss_16can_return_bytes
FN:110,_RNvNtNtNtCs1Zotm579C3S_15sas_reader_20003sas6header5testss_17can_read_unknowns
FN:125,_RNvNtNtNtCs1Zotm579C3S_15sas_reader_20003sas6header5testss_21can_read_magic_number
FN:137,_RNvNtNtNtCs1Zotm579C3S_15sas_reader_20003sas6header5testss_19can_read_alignment1
FN:149,_RNvNtNtNtCs1Zotm579C3S_15sas_reader_20003sas6header5testss_19can_read_alignment2
FN:161,_RNvNtNtNtCs1Zotm579C3S_15sas_reader_20003sas6header5testss_18can_read_endianess
FN:174,_RNvNtNtNtCs1Zotm579C3S_15sas_reader_20003sas6header5testss_23test_is_u64_file_format
FN:196,_RNvNtNtNtCs1Zotm579C3S_15sas_reader_20003sas6header5testss_46test_byte_controling_offset_before_timestamps1
FN:207,_RNvNtNtNtCs1Zotm579C3S_15sas_reader_20003sas6header5testss_46test_byte_controling_offset_before_timestamps2
FN:220,_RNvNtNtNtCs1Zotm579C3S_15sas_reader_20003sas6header5testss_46test_byte_controling_offset_before_timestamps3
FNDA:13,_RNvMNtNtCs1Zotm579C3S_15sas_reader_20003sas6headerNtB2_9SasHeader3new
FNDA:2,_RNvMNtNtCs1Zotm579C3S_15sas_reader_20003sas6headerNtB2_9SasHeader5bytes
FNDA:1,_RNvMNtNtCs1Zotm579C3S_15sas_reader_20003sas6headerNtB2_9SasHeader17read_magic_number
FNDA:8,_RNvMNtNtCs1Zotm579C3S_15sas_reader_20003sas6headerNtB2_9SasHeader14read_alignment
FNDA:3,_RNvMNtNtCs1Zotm579C3S_15sas_reader_20003sas6headerNtB2_9SasHeader18is_u64_file_format
FNDA:3,_RNvMNtNtCs1Zotm579C3S_15sas_reader_20003sas6headerNtB2_9SasHeader40byte_controling_offset_before_timestamps
FNDA:1,_RNvMNtNtCs1Zotm579C3S_15sas_reader_20003sas6headerNtB2_9SasHeader15read_endianness
FNDA:1,_RNvMNtNtCs1Zotm579C3S_15sas_reader_20003sas6headerNtB2_9SasHeader13read_unknowns
FNDA:1,_RNvNtNtNtCs1Zotm579C3S_15sas_reader_20003sas6header5testss_21can_create_sas_header
FNDA:1,_RNvNtNtNtCs1Zotm579C3S_15sas_reader_20003sas6header5testss_16can_return_bytes
FNDA:1,_RNvNtNtNtCs1Zotm579C3S_15sas_reader_20003sas6header5testss_17can_read_unknowns
FNDA:1,_RNvNtNtNtCs1Zotm579C3S_15sas_reader_20003sas6header5testss_21can_read_magic_number
FNDA:1,_RNvNtNtNtCs1Zotm579C3S_15sas_reader_20003sas6header5testss_19can_read_alignment1
FNDA:1,_RNvNtNtNtCs1Zotm579C3S_15sas_reader_20003sas6header5testss_19can_read_alignment2
FNDA:1,_RNvNtNtNtCs1Zotm579C3S_15sas_reader_20003sas6header5testss_18can_read_endianess
FNDA:1,_RNvNtNtNtCs1Zotm579C3S_15sas_reader_20003sas6header5testss_23test_is_u64_file_format
FNDA:1,_RNvNtNtNtCs1Zotm579C3S_15sas_reader_20003sas6header5testss_46test_byte_controling_offset_before_timestamps1
FNDA:1,_RNvNtNtNtCs1Zotm579C3S_15sas_reader_20003sas6header5testss_46test_byte_controling_offset_before_timestamps2
FNDA:1,_RNvNtNtNtCs1Zotm579C3S_15sas_reader_20003sas6header5testss_46test_byte_controling_offset_before_timestamps3
FNF:19
FNH:19
DA:14,13
DA:15,13
DA:16,13
DA:17,13
DA:18,13
DA:19,13
DA:20,13
DA:21,13
DA:22,13
DA:23,13
DA:25,2
DA:26,2
DA:27,2
DA:29,1
DA:30,1
DA:31,1
DA:32,1
DA:34,8
DA:35,8
DA:36,8
DA:37,8
DA:38,8
DA:39,8
DA:40,8
DA:41,8
DA:42,8
DA:43,8
DA:44,8
DA:45,8
DA:46,8
DA:48,3
DA:49,3
DA:50,2
DA:51,2
DA:53,3
DA:54,3
DA:55,3
DA:57,3
DA:58,3
DA:59,2
DA:60,2
DA:62,3
DA:63,3
DA:64,3
DA:66,1
DA:67,1
DA:68,1
DA:69,1
DA:71,1
DA:72,1
DA:73,1
DA:74,1
DA:75,1
DA:76,1
DA:86,1
DA:87,1
DA:88,1
DA:89,1
DA:90,1
DA:91,1
DA:92,1
DA:93,1
DA:94,1
DA:95,1
DA:96,1
DA:97,1
DA:98,1
DA:99,1
DA:102,1
DA:103,1
DA:104,1
DA:105,1
DA:106,1
DA:107,1
DA:110,1
DA:111,1
DA:112,1
DA:113,1
DA:114,1
DA:115,1
DA:116,1
DA:117,1
DA:118,1
DA:119,1
DA:120,1
DA:121,1
DA:122,1
DA:125,1
DA:126,1
DA:127,1
DA:128,1
DA:129,1
DA:130,1
DA:131,1
DA:132,1
DA:133,1
DA:134,1
DA:137,1
DA:138,1
DA:139,1
DA:140,1
DA:141,1
DA:142,1
DA:143,1
DA:144,1
DA:145,1
DA:146,1
DA:149,1
DA:150,1
DA:151,1
DA:152,1
DA:153,1
DA:154,1
DA:155,1
DA:156,1
DA:157,1
DA:158,1
DA:161,1
DA:162,1
DA:163,1
DA:164,1
DA:165,1
DA:166,1
DA:167,1
DA:168,1
DA:169,1
DA:171,1
DA:174,1
DA:175,1
DA:176,1
DA:177,1
DA:178,1
DA:179,1
DA:180,1
DA:181,1
DA:182,1
DA:183,1
DA:184,1
DA:186,1
DA:187,1
DA:189,1
DA:190,1
DA:191,1
DA:192,1
DA:193,1
DA:196,1
DA:197,1
DA:198,1
DA:199,1
DA:200,1
DA:201,1
DA:202,1
DA:203,1
DA:204,1
DA:207,1
DA:208,1
DA:209,1
DA:210,1
DA:211,1
DA:212,1
DA:213,1
DA:214,1
DA:215,1
DA:216,1
DA:217,1
DA:220,1
DA:221,1
DA:222,1
DA:223,1
DA:224,1
DA:225,1
DA:226,1
DA:227,1
DA:228,1
DA:229,1
BRF:0
BRH:0
LF:175
LH:175
end_of_record
SF:/home/andy/dev/sas-reader-2000/src/sas/header_binary.rs
FN:9,_RNvMNtNtCs1Zotm579C3S_15sas_reader_20003sas13header_binaryNtB2_15SasHeaderBinary3new
FN:15,_RNvMNtNtCs1Zotm579C3S_15sas_reader_20003sas13header_binaryNtB2_15SasHeaderBinary28get_magic_number_from_header
FN:19,_RNvMNtNtCs1Zotm579C3S_15sas_reader_20003sas13header_binaryNtB2_15SasHeaderBinary26get_alignment_from_header1
FN:27,_RNvMNtNtCs1Zotm579C3S_15sas_reader_20003sas13header_binaryNtB2_15SasHeaderBinary26get_alignment_from_header2
FN:35,_RNvMNtNtCs1Zotm579C3S_15sas_reader_20003sas13header_binaryNtB2_15SasHeaderBinary26get_endianness_from_header
FN:39,_RNvMNtNtCs1Zotm579C3S_15sas_reader_20003sas13header_binaryNtB2_15SasHeaderBinary23get_os_type_from_header
FN:43,_RNvMNtNtCs1Zotm579C3S_15sas_reader_20003sas13header_binaryNtB2_15SasHeaderBinary31get_sas_file_string_from_header
FN:47,_RNvMNtNtCs1Zotm579C3S_15sas_reader_20003sas13header_binaryNtB2_15SasHeaderBinary31get_sas_file_from_header_as_str
FN:53,_RNvMNtNtCs1Zotm579C3S_15sas_reader_20003sas13header_binaryNtB2_15SasHeaderBinary28get_sas_filename_from_header
FN:60,_RNvMNtNtCs1Zotm579C3S_15sas_reader_20003sas13header_binaryNtB2_15SasHeaderBinary17validate_sas_file
FN:90,_RNvNtNtNtCs1Zotm579C3S_15sas_reader_20003sas13header_binary5testss_21can_create_sas_header
FN:98,_RNvNtNtNtCs1Zotm579C3S_15sas_reader_20003sas13header_binary5testss_21can_validate_sas_file
FN:106,_RNvNtNtNtCs1Zotm579C3S_15sas_reader_20003sas13header_binary5testss_32can_get_magic_number_from_header
FN:120,_RNvNtNtNtCs1Zotm579C3S_15sas_reader_20003sas13header_binary5testss_28can_get_sas_file_from_header
FN:128,_RNvNtNtNtCs1Zotm579C3S_15sas_reader_20003sas13header_binary5testss_38can_get_sas_file_from_header_as_string
FN:139,_RNvNtNtNtCs1Zotm579C3S_15sas_reader_20003sas13header_binary5testss_32can_get_sas_filename_from_header
FN:150,_RNvNtNtNtCs1Zotm579C3S_15sas_reader_20003sas13header_binary5testss_30can_get_alignment_from_header1
FN:159,_RNvNtNtNtCs1Zotm579C3S_15sas_reader_20003sas13header_binary5testss_30can_get_alignment_from_header2
FN:168,_RNvNtNtNtCs1Zotm579C3S_15sas_reader_20003sas13header_binary5testss_30can_get_endianness_from_header
FN:178,_RNvNtNtNtCs1Zotm579C3S_15sas_reader_20003sas13header_binary5testss_37can_get_os_type_from_header_when_unix
FN:189,_RNvNtNtNtCs1Zotm579C3S_15sas_reader_20003sas13header_binary5testss_40can_get_os_type_from_header_when_windows
FN:203,_RNvNtNtNtCs1Zotm579C3S_15sas_reader_20003sas13header_binary5testss_43cannot_get_os_type_from_header_when_invalid
FNDA:26,_RNvMNtNtCs1Zotm579C3S_15sas_reader_20003sas13header_binaryNtB2_15SasHeaderBinary3new
FNDA:3,_RNvMNtNtCs1Zotm579C3S_15sas_reader_20003sas13header_binaryNtB2_15SasHeaderBinary28get_magic_number_from_header
FNDA:9,_RNvMNtNtCs1Zotm579C3S_15sas_reader_20003sas13header_binaryNtB2_15SasHeaderBinary26get_alignment_from_header1
FNDA:9,_RNvMNtNtCs1Zotm579C3S_15sas_reader_20003sas13header_binaryNtB2_15SasHeaderBinary26get_alignment_from_header2
FNDA:2,_RNvMNtNtCs1Zotm579C3S_15sas_reader_20003sas13header_binaryNtB2_15SasHeaderBinary26get_endianness_from_header
FNDA:3,_RNvMNtNtCs1Zotm579C3S_15sas_reader_20003sas13header_binaryNtB2_15SasHeaderBinary23get_os_type_from_header
FNDA:3,_RNvMNtNtCs1Zotm579C3S_15sas_reader_20003sas13header_binaryNtB2_15SasHeaderBinary31get_sas_file_string_from_header
FNDA:2,_RNvMNtNtCs1Zotm579C3S_15sas_reader_20003sas13header_binaryNtB2_15SasHeaderBinary31get_sas_file_from_header_as_str
FNDA:2,_RNvMNtNtCs1Zotm579C3S_15sas_reader_20003sas13header_binaryNtB2_15SasHeaderBinary28get_sas_filename_from_header
FNDA:1,_RNvMNtNtCs1Zotm579C3S_15sas_reader_20003sas13header_binaryNtB2_15SasHeaderBinary17validate_sas_file
FNDA:1,_RNvNtNtNtCs1Zotm579C3S_15sas_reader_20003sas13header_binary5testss_21can_create_sas_header
FNDA:1,_RNvNtNtNtCs1Zotm579C3S_15sas_reader_20003sas13header_binary5testss_21can_validate_sas_file
FNDA:1,_RNvNtNtNtCs1Zotm579C3S_15sas_reader_20003sas13header_binary5testss_32can_get_magic_number_from_header
FNDA:1,_RNvNtNtNtCs1Zotm579C3S_15sas_reader_20003sas13header_binary5testss_28can_get_sas_file_from_header
FNDA:1,_RNvNtNtNtCs1Zotm579C3S_15sas_reader_20003sas13header_binary5testss_38can_get_sas_file_from_header_as_string
FNDA:1,_RNvNtNtNtCs1Zotm579C3S_15sas_reader_20003sas13header_binary5testss_32can_get_sas_filename_from_header
FNDA:1,_RNvNtNtNtCs1Zotm579C3S_15sas_reader_20003sas13header_binary5testss_30can_get_alignment_from_header1
FNDA:1,_RNvNtNtNtCs1Zotm579C3S_15sas_reader_20003sas13header_binary5testss_30can_get_alignment_from_header2
FNDA:1,_RNvNtNtNtCs1Zotm579C3S_15sas_reader_20003sas13header_binary5testss_30can_get_endianness_from_header
FNDA:1,_RNvNtNtNtCs1Zotm579C3S_15sas_reader_20003sas13header_binary5testss_37can_get_os_type_from_header_when_unix
FNDA:1,_RNvNtNtNtCs1Zotm579C3S_15sas_reader_20003sas13header_binary5testss_40can_get_os_type_from_header_when_windows
FNDA:1,_RNvNtNtNtCs1Zotm579C3S_15sas_reader_20003sas13header_binary5testss_43cannot_get_os_type_from_header_when_invalid
FNF:22
FNH:22
DA:9,26
DA:10,26
DA:11,26
DA:12,26
DA:13,26
DA:15,3
DA:16,3
DA:17,3
DA:19,9
DA:20,9
DA:21,2
DA:23,7
DA:25,9
DA:27,9
DA:28,9
DA:29,2
DA:31,7
DA:33,9
DA:35,2
DA:36,2
DA:37,2
DA:39,3
DA:40,3
DA:41,3
DA:43,3
DA:44,3
DA:45,3
DA:47,2
DA:48,2
DA:49,2
DA:50,2
DA:51,2
DA:53,2
DA:54,2
DA:55,2
DA:56,2
DA:57,2
DA:58,2
DA:60,1
DA:61,1
DA:62,1
DA:63,1
DA:64,1
DA:65,1
DA:66,1
DA:67,0
DA:68,1
DA:69,1
DA:70,1
DA:71,0
DA:72,1
DA:73,1
DA:74,1
DA:75,0
DA:76,1
DA:77,1
DA:78,1
DA:79,1
DA:90,1
DA:91,1
DA:92,1
DA:93,1
DA:94,1
DA:95,1
DA:98,1
DA:99,1
DA:100,1
DA:101,1
DA:102,1
DA:103,1
DA:106,1
DA:107,1
DA:108,1
DA:109,1
DA:110,1
DA:111,1
DA:112,1
DA:113,1
DA:114,1
DA:115,1
DA:116,1
DA:117,1
DA:120,1
DA:121,1
DA:122,1
DA:123,1
DA:124,1
DA:125,1
DA:128,1
DA:129,1
DA:130,1
DA:131,1
DA:132,1
DA:133,1
DA:134,1
DA:135,1
DA:136,1
DA:139,1
DA:140,1
DA:141,1
DA:142,1
DA:143,1
DA:144,1
DA:145,1
DA:146,1
DA:147,1
DA:150,1
DA:151,1
DA:152,1
DA:153,1
DA:155,1
DA:156,1
DA:159,1
DA:160,1
DA:161,1
DA:162,1
DA:164,1
DA:165,1
DA:168,1
DA:169,1
DA:170,1
DA:171,1
DA:172,1
DA:173,1
DA:174,1
DA:175,1
DA:178,1
DA:179,1
DA:180,1
DA:181,1
DA:182,1
DA:183,1
DA:184,1
DA:185,1
DA:186,1
DA:189,1
DA:190,1
DA:191,1
DA:192,1
DA:193,1
DA:194,1
DA:195,1
DA:196,1
DA:197,1
DA:203,1
DA:204,1
DA:205,1
DA:206,1
DA:207,1
DA:208,1
DA:209,1
DA:210,1
DA:211,1
BRF:0
BRH:0
LF:153
LH:150
end_of_record
SF:/home/andy/dev/sas-reader-2000/src/sas/header_unknowns.rs
FN:41,_RNCNvMNtNtCs1Zotm579C3S_15sas_reader_20003sas15header_unknownsNtB4_17SasHeaderUnknowns12insert_range0B8_
FN:63,_RNCNvMNtNtCs1Zotm579C3S_15sas_reader_20003sas15header_unknownsNtB4_17SasHeaderUnknowns4read0B8_
FN:107,_RNCNvNtNtNtCs1Zotm579C3S_15sas_reader_20003sas15header_unknowns5testss_17test_insert_range0B9_
FN:74,_RNvNtNtNtCs1Zotm579C3S_15sas_reader_20003sas15header_unknowns5testss_24test_make_inner_hash_map
FN:82,_RNvNtNtNtCs1Zotm579C3S_15sas_reader_20003sas15header_unknowns5testss_28test_sas_header_unknowns_new
FN:90,_RNvNtNtNtCs1Zotm579C3S_15sas_reader_20003sas15header_unknowns5testss_23test_insert_to_unknowns
FN:102,_RNvNtNtNtCs1Zotm579C3S_15sas_reader_20003sas15header_unknowns5testss_17test_insert_range
FN:116,_RNvNtNtNtCs1Zotm579C3S_15sas_reader_20003sas15header_unknowns5testss_9test_read
FN:8,_RNvNtNtCs1Zotm579C3S_15sas_reader_20003sas15header_unknowns19make_inner_hash_map
FN:23,_RNvMNtNtCs1Zotm579C3S_15sas_reader_20003sas15header_unknownsNtB2_17SasHeaderUnknowns3new
FN:30,_RNvMNtNtCs1Zotm579C3S_15sas_reader_20003sas15header_unknownsNtB2_17SasHeaderUnknowns18insert_to_unknowns
FN:40,_RNvMNtNtCs1Zotm579C3S_15sas_reader_20003sas15header_unknownsNtB2_17SasHeaderUnknowns12insert_range
FN:46,_RNvMNtNtCs1Zotm579C3S_15sas_reader_20003sas15header_unknownsNtB2_17SasHeaderUnknowns4read
FNDA:201,_RNCNvMNtNtCs1Zotm579C3S_15sas_reader_20003sas15header_unknownsNtB4_17SasHeaderUnknowns12insert_range0B8_
FNDA:30,_RNCNvMNtNtCs1Zotm579C3S_15sas_reader_20003sas15header_unknownsNtB4_17SasHeaderUnknowns4read0B8_
FNDA:3,_RNCNvNtNtNtCs1Zotm579C3S_15sas_reader_20003sas15header_unknowns5testss_17test_insert_range0B9_
FNDA:1,_RNvNtNtNtCs1Zotm579C3S_15sas_reader_20003sas15header_unknowns5testss_24test_make_inner_hash_map
FNDA:1,_RNvNtNtNtCs1Zotm579C3S_15sas_reader_20003sas15header_unknowns5testss_28test_sas_header_unknowns_new
FNDA:1,_RNvNtNtNtCs1Zotm579C3S_15sas_reader_20003sas15header_unknowns5testss_23test_insert_to_unknowns
FNDA:1,_RNvNtNtNtCs1Zotm579C3S_15sas_reader_20003sas15header_unknowns5testss_17test_insert_range
FNDA:1,_RNvNtNtNtCs1Zotm579C3S_15sas_reader_20003sas15header_unknowns5testss_9test_read
FNDA:203,_RNvNtNtCs1Zotm579C3S_15sas_reader_20003sas15header_unknowns19make_inner_hash_map
FNDA:6,_RNvMNtNtCs1Zotm579C3S_15sas_reader_20003sas15header_unknownsNtB2_17SasHeaderUnknowns3new
FNDA:202,_RNvMNtNtCs1Zotm579C3S_15sas_reader_20003sas15header_unknownsNtB2_17SasHeaderUnknowns18insert_to_unknowns
FNDA:31,_RNvMNtNtCs1Zotm579C3S_15sas_reader_20003sas15header_unknownsNtB2_17SasHeaderUnknowns12insert_range
FNDA:3,_RNvMNtNtCs1Zotm579C3S_15sas_reader_20003sas15header_unknownsNtB2_17SasHeaderUnknowns4read
FNF:13
FNH:13
DA:8,203
DA:9,203
DA:10,203
DA:11,203
DA:12,203
DA:13,203
DA:14,203
DA:23,6
DA:24,6
DA:25,6
DA:26,6
DA:27,6
DA:28,6
DA:30,202
DA:31,202
DA:32,5
DA:33,197
DA:34,202
DA:35,202
DA:36,202
DA:37,202
DA:38,202
DA:40,31
DA:41,201
DA:42,201
DA:43,201
DA:44,31
DA:46,3
DA:47,3
DA:48,3
DA:49,3
DA:50,3
DA:51,3
DA:52,3
DA:53,3
DA:54,3
DA:55,3
DA:56,3
DA:57,3
DA:58,3
DA:59,3
DA:60,3
DA:61,3
DA:62,3
DA:63,30
DA:64,30
DA:65,30
DA:66,3
DA:74,1
DA:75,1
DA:76,1
DA:77,1
DA:78,1
DA:79,1
DA:82,1
DA:83,1
DA:84,1
DA:85,1
DA:86,1
DA:87,1
DA:90,1
DA:91,1
DA:92,1
DA:93,1
DA:94,1
DA:95,1
DA:96,1
DA:97,1
DA:98,1
DA:99,1
DA:102,1
DA:103,1
DA:104,1
DA:105,1
DA:106,1
DA:107,3
DA:108,3
DA:109,3
DA:110,3
DA:111,3
DA:112,3
DA:113,1
DA:116,1
DA:117,1
DA:118,1
DA:119,1
DA:120,1
DA:121,1
BRF:0
BRH:0
LF:94
LH:94
end_of_record
SF:/home/andy/dev/sas-reader-2000/src/sas/metadata.rs
FN:7,_RNvXs3_NtNtCs1Zotm579C3S_15sas_reader_20003sas8metadataNtB5_23SasMetadataBuilderErrorINtNtCs5cYH0lLSdLc_4core7convert4FromNtNtCsaz9ix1H7t6h_5alloc6string6StringE4from
FN:7,_RNvXs4_NtNtCs1Zotm579C3S_15sas_reader_20003sas8metadataNtB5_23SasMetadataBuilderErrorNtNtCs5cYH0lLSdLc_4core3fmt7Display3fmt
FN:26,_RNvNtNtNtCs1Zotm579C3S_15sas_reader_20003sas8metadata5testss_25test_sas_metadata_builder
FN:15,_RNvMNtNtCs1Zotm579C3S_15sas_reader_20003sas8metadataNtB2_11SasMetadata7builder
FN:7,_RNvMs0_NtNtCs1Zotm579C3S_15sas_reader_20003sas8metadataNtB5_18SasMetadataBuilder10endianness
FN:7,_RNvMs0_NtNtCs1Zotm579C3S_15sas_reader_20003sas8metadataNtB5_18SasMetadataBuilder9alignment
FN:7,_RNvMs0_NtNtCs1Zotm579C3S_15sas_reader_20003sas8metadataNtB5_18SasMetadataBuilder11compression
FN:7,_RNvMs0_NtNtCs1Zotm579C3S_15sas_reader_20003sas8metadataNtB5_18SasMetadataBuilder5build
FN:7,_RNvMs0_NtNtCs1Zotm579C3S_15sas_reader_20003sas8metadataNtB5_18SasMetadataBuilder12create_empty
FN:7,_RNvXs1_NtNtCs1Zotm579C3S_15sas_reader_20003sas8metadataNtB5_18SasMetadataBuilderNtNtCs5cYH0lLSdLc_4core7default7Default7default
FN:7,_RNvXs2_NtNtCs1Zotm579C3S_15sas_reader_20003sas8metadataNtB5_23SasMetadataBuilderErrorINtNtCs5cYH0lLSdLc_4core7convert4FromNtNtCs2wv3Nn5t6ot_14derive_builder5error23UninitializedFieldErrorE4from
FNDA:0,_RNvXs3_NtNtCs1Zotm579C3S_15sas_reader_20003sas8metadataNtB5_23SasMetadataBuilderErrorINtNtCs5cYH0lLSdLc_4core7convert4FromNtNtCsaz9ix1H7t6h_5alloc6string6StringE4from
FNDA:0,_RNvXs4_NtNtCs1Zotm579C3S_15sas_reader_20003sas8metadataNtB5_23SasMetadataBuilderErrorNtNtCs5cYH0lLSdLc_4core3fmt7Display3fmt
FNDA:1,_RNvNtNtNtCs1Zotm579C3S_15sas_reader_20003sas8metadata5testss_25test_sas_metadata_builder
FNDA:1,_RNvMNtNtCs1Zotm579C3S_15sas_reader_20003sas8metadataNtB2_11SasMetadata7builder
FNDA:1,_RNvMs0_NtNtCs1Zotm579C3S_15sas_reader_20003sas8metadataNtB5_18SasMetadataBuilder10endianness
FNDA:1,_RNvMs0_NtNtCs1Zotm579C3S_15sas_reader_20003sas8metadataNtB5_18SasMetadataBuilder9alignment
FNDA:1,_RNvMs0_NtNtCs1Zotm579C3S_15sas_reader_20003sas8metadataNtB5_18SasMetadataBuilder11compression
FNDA:1,_RNvMs0_NtNtCs1Zotm579C3S_15sas_reader_20003sas8metadataNtB5_18SasMetadataBuilder5build
FNDA:1,_RNvMs0_NtNtCs1Zotm579C3S_15sas_reader_20003sas8metadataNtB5_18SasMetadataBuilder12create_empty
FNDA:1,_RNvXs1_NtNtCs1Zotm579C3S_15sas_reader_20003sas8metadataNtB5_18SasMetadataBuilderNtNtCs5cYH0lLSdLc_4core7default7Default7default
FNDA:0,_RNvXs2_NtNtCs1Zotm579C3S_15sas_reader_20003sas8metadataNtB5_23SasMetadataBuilderErrorINtNtCs5cYH0lLSdLc_4core7convert4FromNtNtCs2wv3Nn5t6ot_14derive_builder5error23UninitializedFieldErrorE4from
FNF:3
FNH:3
DA:7,1
DA:15,1
DA:16,1
DA:17,1
DA:26,1
DA:27,1
DA:28,1
DA:29,1
DA:30,1
DA:31,1
DA:32,1
DA:33,1
DA:34,1
DA:35,1
DA:36,1
DA:37,1
BRF:0
BRH:0
LF:16
LH:16
end_of_record
SF:/home/andy/dev/sas-reader-2000/src/sas/os_type.rs
FN:8,_RNvMNtNtCs1Zotm579C3S_15sas_reader_20003sas7os_typeNtB2_6OsType7from_u8
FN:23,_RNvNtNtNtCs1Zotm579C3S_15sas_reader_20003sas7os_type5testss_21can_make_os_type_enum
FN:31,_RNvNtNtNtCs1Zotm579C3S_15sas_reader_20003sas7os_type5testss_30test_os_type_from_u8_when_unix
FN:37,_RNvNtNtNtCs1Zotm579C3S_15sas_reader_20003sas7os_type5testss_33test_os_type_from_u8_when_windows
FN:46,_RNvNtNtNtCs1Zotm579C3S_15sas_reader_20003sas7os_type5testss_33test_os_type_from_u8_when_unknown
FNDA:7,_RNvMNtNtCs1Zotm579C3S_15sas_reader_20003sas7os_typeNtB2_6OsType7from_u8
FNDA:1,_RNvNtNtNtCs1Zotm579C3S_15sas_reader_20003sas7os_type5testss_21can_make_os_type_enum
FNDA:1,_RNvNtNtNtCs1Zotm579C3S_15sas_reader_20003sas7os_type5testss_30test_os_type_from_u8_when_unix
FNDA:1,_RNvNtNtNtCs1Zotm579C3S_15sas_reader_20003sas7os_type5testss_33test_os_type_from_u8_when_windows
FNDA:1,_RNvNtNtNtCs1Zotm579C3S_15sas_reader_20003sas7os_type5testss_33test_os_type_from_u8_when_unknown
FNF:5
FNH:5
DA:8,7
DA:9,7
DA:10,3
DA:11,2
DA:12,2
DA:14,5
DA:23,1
DA:24,1
DA:25,1
DA:26,1
DA:27,1
DA:28,1
DA:31,1
DA:32,1
DA:33,1
DA:34,1
DA:37,1
DA:38,1
DA:39,1
DA:40,1
DA:46,1
DA:47,1
DA:48,1
BRF:0
BRH:0
LF:23
LH:23
end_of_record
SF:/home/andy/dev/sas-reader-2000/src/sas/page_type.rs
FN:28,_RNvNtNtNtCs1Zotm579C3S_15sas_reader_20003sas9page_type5testss_23test_page_type_from_u16
FN:11,_RNvMNtNtCs1Zotm579C3S_15sas_reader_20003sas9page_typeNtB2_8PageType8from_u16
FNDA:1,_RNvNtNtNtCs1Zotm579C3S_15sas_reader_20003sas9page_type5testss_23test_page_type_from_u16
FNDA:5,_RNvMNtNtCs1Zotm579C3S_15sas_reader_20003sas9page_typeNtB2_8PageType8from_u16
FNF:2
FNH:2
DA:11,5
DA:12,5
DA:13,1
DA:14,1
DA:15,1
DA:16,1
DA:17,1
DA:19,5
DA:28,1
DA:29,1
DA:30,1
DA:31,1
DA:32,1
DA:33,1
DA:34,1
BRF:0
BRH:0
LF:15
LH:15
end_of_record
SF:/home/andy/dev/sas-reader-2000/src/sas_reader.rs
FN:5,_RNvNtCs1Zotm579C3S_15sas_reader_200010sas_reader13read_sas_file
FN:18,_RNvMNtCs1Zotm579C3S_15sas_reader_200010sas_readerNtB2_9SasReader3new
FN:22,_RNvMNtCs1Zotm579C3S_15sas_reader_200010sas_readerNtB2_9SasReader17get_file_contents
FN:29,_RNvMNtCs1Zotm579C3S_15sas_reader_200010sas_readerNtB2_9SasReader15validate_format
FN:49,_RNvNtNtCs1Zotm579C3S_15sas_reader_200010sas_reader5testss_22can_read_sas7bdat_file
FN:56,_RNvNtNtCs1Zotm579C3S_15sas_reader_200010sas_reader5testss_21can_create_sas_reader
FN:68,_RNvNtNtCs1Zotm579C3S_15sas_reader_200010sas_reader5testss_21can_get_file_contents
FN:82,_RNvNtNtCs1Zotm579C3S_15sas_reader_200010sas_reader5testss_32can_get_file_contents_with_error
FN:96,_RNvNtNtCs1Zotm579C3S_15sas_reader_200010sas_reader5testss_33can_validate_sas7bdat_file_format
FNDA:1,_RNvNtCs1Zotm579C3S_15sas_reader_200010sas_reader13read_sas_file
FNDA:4,_RNvMNtCs1Zotm579C3S_15sas_reader_200010sas_readerNtB2_9SasReader3new
FNDA:4,_RNvMNtCs1Zotm579C3S_15sas_reader_200010sas_readerNtB2_9SasReader17get_file_contents
FNDA:2,_RNvMNtCs1Zotm579C3S_15sas_reader_200010sas_readerNtB2_9SasReader15validate_format
FNDA:1,_RNvNtNtCs1Zotm579C3S_15sas_reader_200010sas_reader5testss_22can_read_sas7bdat_file
FNDA:1,_RNvNtNtCs1Zotm579C3S_15sas_reader_200010sas_reader5testss_21can_create_sas_reader
FNDA:1,_RNvNtNtCs1Zotm579C3S_15sas_reader_200010sas_reader5testss_21can_get_file_contents
FNDA:1,_RNvNtNtCs1Zotm579C3S_15sas_reader_200010sas_reader5testss_32can_get_file_contents_with_error
FNDA:1,_RNvNtNtCs1Zotm579C3S_15sas_reader_200010sas_reader5testss_33can_validate_sas7bdat_file_format
FNF:9
FNH:9
DA:5,1
DA:6,1
DA:7,1
DA:8,1
DA:18,4
DA:19,4
DA:20,4
DA:22,4
DA:23,4
DA:24,2
DA:25,2
DA:26,2
DA:27,4
DA:29,2
DA:30,2
DA:31,2
DA:32,2
DA:33,2
DA:34,2
DA:35,2
DA:36,2
DA:37,2
DA:38,2
DA:49,1
DA:50,1
DA:51,1
DA:52,1
DA:53,1
DA:56,1
DA:57,1
DA:58,1
DA:59,1
DA:60,1
DA:61,1
DA:62,1
DA:63,1
DA:64,1
DA:65,1
DA:68,1
DA:69,1
DA:70,1
DA:71,1
DA:72,1
DA:73,1
DA:74,1
DA:75,0
DA:78,1
DA:79,1
DA:82,1
DA:83,1
DA:84,1
DA:85,0
DA:86,0
DA:87,0
DA:88,0
DA:89,1
DA:92,1
DA:93,1
DA:96,1
DA:97,1
DA:98,1
DA:99,1
DA:100,0
DA:103,1
DA:104,1
BRF:0
BRH:0
LF:65
LH:59
end_of_record
SF:/home/andy/dev/sas-reader-2000/src/util/mod.rs
FN:1,_RNvNtCs1Zotm579C3S_15sas_reader_20004util18is_twos_complement
FN:12,_RNvNtCs1Zotm579C3S_15sas_reader_20004util16is_little_endian
FN:28,_RNvNtNtCs1Zotm579C3S_15sas_reader_20004util5testss_23test_is_twos_complement
FN:33,_RNvNtNtCs1Zotm579C3S_15sas_reader_20004util5testss_21test_is_little_endian
FNDA:1,_RNvNtCs1Zotm579C3S_15sas_reader_20004util18is_twos_complement
FNDA:1,_RNvNtCs1Zotm579C3S_15sas_reader_20004util16is_little_endian
FNDA:1,_RNvNtNtCs1Zotm579C3S_15sas_reader_20004util5testss_23test_is_twos_complement
FNDA:1,_RNvNtNtCs1Zotm579C3S_15sas_reader_20004util5testss_21test_is_little_endian
FNF:4
FNH:4
DA:1,1
DA:2,1
DA:3,1
DA:4,1
DA:5,1
DA:6,1
DA:7,1
DA:9,1
DA:10,1
DA:12,1
DA:13,1
DA:14,1
DA:15,1
DA:16,1
DA:17,1
DA:18,1
DA:20,1
DA:21,1
DA:28,1
DA:29,1
DA:30,1
DA:33,1
DA:34,1
DA:35,1
BRF:0
BRH:0
LF:24
LH:24
end_of_record